TpTrace Verbose: 0 : 26924, 1, 2024/02/07, 21:53:03.693, 4615666317658, vstest.console.dll, Version: 17.7.0-preview-23364-03+bc17bb9693cfc4778ded51aa0ab7f1065433f989 Current process architecture: X64
TpTrace Verbose: 0 : 26924, 1, 2024/02/07, 21:53:03.695, 4615666331891, vstest.console.dll, Runtime location: C:\Program Files\dotnet\shared\Microsoft.NETCore.App\7.0.10
TpTrace Verbose: 0 : 26924, 1, 2024/02/07, 21:53:03.698, 4615666362686, vstest.console.dll, ArtifactProcessingPostProcessModeProcessorExecutor.Initialize: ArtifactProcessingMode.Collect
TpTrace Verbose: 0 : 26924, 1, 2024/02/07, 21:53:03.698, 4615666364030, vstest.console.dll, TestSessionCorrelationIdProcessorModeProcessorExecutor.Initialize: TestSessionCorrelationId '31460_1ab0ecc5-1c8d-4b02-9b3e-cccdea3b23c3'
TpTrace Information: 0 : 26924, 1, 2024/02/07, 21:53:03.705, 4615666440485, vstest.console.dll, FilePatternParser: The given file C:\Cursos\CSharp\Rocktseat\Rocktseat_Auction\Tests\UseCases.Test\bin\Debug\net7.0\fine-code-coverage\build-output\UseCases.Test.dll is a full path.
TpTrace Verbose: 0 : 26924, 1, 2024/02/07, 21:53:03.714, 4615666522718, vstest.console.dll, TestPluginCache.DiscoverTestExtensions: finding test extensions in assemblies ends with: RuntimeProvider.dll TPluginInfo: Microsoft.VisualStudio.TestPlatform.Common.ExtensionFramework.Utilities.TestRuntimePluginInformation TExtension: Microsoft.VisualStudio.TestPlatform.ObjectModel.Host.ITestRuntimeProvider
TpTrace Verbose: 0 : 26924, 1, 2024/02/07, 21:53:03.714, 4615666526781, vstest.console.dll, TestPluginCache.GetExtensionPaths: Filtered extension paths: 
TpTrace Verbose: 0 : 26924, 1, 2024/02/07, 21:53:03.714, 4615666527749, vstest.console.dll, TestPluginCache.GetExtensionPaths: Added default extension paths: C:\Program Files\dotnet\sdk\7.0.400\Extensions\Microsoft.Diagnostics.NETCore.Client.dll
C:\Program Files\dotnet\sdk\7.0.400\Extensions\Microsoft.TestPlatform.Extensions.BlameDataCollector.dll
C:\Program Files\dotnet\sdk\7.0.400\Extensions\Microsoft.TestPlatform.Extensions.EventLogCollector.dll
C:\Program Files\dotnet\sdk\7.0.400\Extensions\Microsoft.TestPlatform.TestHostRuntimeProvider.dll
C:\Program Files\dotnet\sdk\7.0.400\Extensions\Microsoft.VisualStudio.TestPlatform.Extensions.Html.TestLogger.dll
C:\Program Files\dotnet\sdk\7.0.400\Extensions\Microsoft.VisualStudio.TestPlatform.Extensions.Trx.TestLogger.dll
TpTrace Verbose: 0 : 26924, 1, 2024/02/07, 21:53:03.714, 4615666528089, vstest.console.dll, TestPluginCache.GetExtensionPaths: Added unfilterableExtensionPaths: 
TpTrace Information: 0 : 26924, 1, 2024/02/07, 21:53:03.715, 4615666533407, vstest.console.dll, AssemblyResolver.ctor: Creating AssemblyResolver with searchDirectories C:\Program Files\dotnet\sdk\7.0.400\Extensions,C:\Program Files\dotnet\sdk\7.0.400
TpTrace Verbose: 0 : 26924, 1, 2024/02/07, 21:53:03.716, 4615666546821, vstest.console.dll, TestPluginCache.DiscoverTestExtensions: Discovering the extensions using extension path.
TpTrace Verbose: 0 : 26924, 1, 2024/02/07, 21:53:03.716, 4615666548281, vstest.console.dll, TestPluginCache.GetExtensionPaths: Filtered extension paths: 
TpTrace Verbose: 0 : 26924, 1, 2024/02/07, 21:53:03.716, 4615666548690, vstest.console.dll, TestPluginCache.GetExtensionPaths: Added default extension paths: C:\Program Files\dotnet\sdk\7.0.400\Extensions\Microsoft.Diagnostics.NETCore.Client.dll
C:\Program Files\dotnet\sdk\7.0.400\Extensions\Microsoft.TestPlatform.Extensions.BlameDataCollector.dll
C:\Program Files\dotnet\sdk\7.0.400\Extensions\Microsoft.TestPlatform.Extensions.EventLogCollector.dll
C:\Program Files\dotnet\sdk\7.0.400\Extensions\Microsoft.TestPlatform.TestHostRuntimeProvider.dll
C:\Program Files\dotnet\sdk\7.0.400\Extensions\Microsoft.VisualStudio.TestPlatform.Extensions.Html.TestLogger.dll
C:\Program Files\dotnet\sdk\7.0.400\Extensions\Microsoft.VisualStudio.TestPlatform.Extensions.Trx.TestLogger.dll
TpTrace Verbose: 0 : 26924, 1, 2024/02/07, 21:53:03.716, 4615666548929, vstest.console.dll, TestPluginCache.GetExtensionPaths: Added unfilterableExtensionPaths: 
TpTrace Verbose: 0 : 26924, 1, 2024/02/07, 21:53:03.716, 4615666550040, vstest.console.dll, TestPluginCache.DiscoverTestExtensions: Discovering the extensions using allExtensionPaths: C:\Program Files\dotnet\sdk\7.0.400\Extensions\Microsoft.Diagnostics.NETCore.Client.dll
C:\Program Files\dotnet\sdk\7.0.400\Extensions\Microsoft.TestPlatform.Extensions.BlameDataCollector.dll
C:\Program Files\dotnet\sdk\7.0.400\Extensions\Microsoft.TestPlatform.Extensions.EventLogCollector.dll
C:\Program Files\dotnet\sdk\7.0.400\Extensions\Microsoft.TestPlatform.TestHostRuntimeProvider.dll
C:\Program Files\dotnet\sdk\7.0.400\Extensions\Microsoft.VisualStudio.TestPlatform.Extensions.Html.TestLogger.dll
C:\Program Files\dotnet\sdk\7.0.400\Extensions\Microsoft.VisualStudio.TestPlatform.Extensions.Trx.TestLogger.dll
TpTrace Information: 0 : 26924, 1, 2024/02/07, 21:53:03.716, 4615666551096, vstest.console.dll, AssemblyResolver.AddSearchDirectories: Adding more searchDirectories C:\Program Files\dotnet\sdk\7.0.400\Extensions,C:\Program Files\dotnet\sdk\7.0.400
TpTrace Information: 0 : 26924, 1, 2024/02/07, 21:53:03.716, 4615666551589, vstest.console.dll, AssemblyResolver.AddSearchDirectories: Adding more searchDirectories C:\Program Files\dotnet\sdk\7.0.400\Extensions,C:\Program Files\dotnet\sdk\7.0.400
TpTrace Information: 0 : 26924, 1, 2024/02/07, 21:53:03.717, 4615666551873, vstest.console.dll, AssemblyResolver.AddSearchDirectories: Adding more searchDirectories C:\Program Files\dotnet\sdk\7.0.400\Extensions,C:\Program Files\dotnet\sdk\7.0.400
TpTrace Information: 0 : 26924, 1, 2024/02/07, 21:53:03.717, 4615666552140, vstest.console.dll, AssemblyResolver.AddSearchDirectories: Adding more searchDirectories C:\Program Files\dotnet\sdk\7.0.400\Extensions,C:\Program Files\dotnet\sdk\7.0.400
TpTrace Information: 0 : 26924, 1, 2024/02/07, 21:53:03.717, 4615666552494, vstest.console.dll, AssemblyResolver.AddSearchDirectories: Adding more searchDirectories C:\Program Files\dotnet\sdk\7.0.400\Extensions,C:\Program Files\dotnet\sdk\7.0.400
TpTrace Information: 0 : 26924, 1, 2024/02/07, 21:53:03.717, 4615666552714, vstest.console.dll, AssemblyResolver.AddSearchDirectories: Adding more searchDirectories C:\Program Files\dotnet\sdk\7.0.400\Extensions,C:\Program Files\dotnet\sdk\7.0.400
TpTrace Information: 0 : 26924, 1, 2024/02/07, 21:53:03.717, 4615666556322, vstest.console.dll, AssemblyResolver.OnResolve: Microsoft.Diagnostics.NETCore.Client: Resolving assembly.
TpTrace Information: 0 : 26924, 1, 2024/02/07, 21:53:03.717, 4615666557527, vstest.console.dll, AssemblyResolver.OnResolve: Microsoft.Diagnostics.NETCore.Client: Searching in: 'C:\Program Files\dotnet\sdk\7.0.400\Extensions'.
TpTrace Information: 0 : 26924, 1, 2024/02/07, 21:53:03.728, 4615666668400, vstest.console.dll, AssemblyResolver.OnResolve: Microsoft.Diagnostics.NETCore.Client: Loading assembly 'C:\Program Files\dotnet\sdk\7.0.400\Extensions\Microsoft.Diagnostics.NETCore.Client.dll'.
TpTrace Information: 0 : 26924, 1, 2024/02/07, 21:53:03.730, 4615666685080, vstest.console.dll, AssemblyResolver.OnResolve: Resolved assembly: Microsoft.Diagnostics.NETCore.Client, from path: C:\Program Files\dotnet\sdk\7.0.400\Extensions\Microsoft.Diagnostics.NETCore.Client.dll
TpTrace Verbose: 0 : 26924, 1, 2024/02/07, 21:53:03.731, 4615666696562, vstest.console.dll, MetadataReaderExtensionsHelper: Discovering extensions inside assembly 'Microsoft.Diagnostics.NETCore.Client, Version=0.2.8.21101, Culture=neutral, PublicKeyToken=31bf3856ad364e35' file path 'C:\Program Files\dotnet\sdk\7.0.400\Extensions\Microsoft.Diagnostics.NETCore.Client.dll'
TpTrace Information: 0 : 26924, 1, 2024/02/07, 21:53:03.742, 4615666804685, vstest.console.dll, AssemblyResolver.OnResolve: Microsoft.Bcl.AsyncInterfaces: Resolving assembly.
TpTrace Information: 0 : 26924, 1, 2024/02/07, 21:53:03.742, 4615666807674, vstest.console.dll, AssemblyResolver.OnResolve: Microsoft.Bcl.AsyncInterfaces: Searching in: 'C:\Program Files\dotnet\sdk\7.0.400\Extensions'.
TpTrace Information: 0 : 26924, 1, 2024/02/07, 21:53:03.742, 4615666809190, vstest.console.dll, AssemblyResolver.OnResolve: Microsoft.Bcl.AsyncInterfaces: Assembly path does not exist: 'C:\Program Files\dotnet\sdk\7.0.400\Extensions\Microsoft.Bcl.AsyncInterfaces.dll', returning.
TpTrace Information: 0 : 26924, 1, 2024/02/07, 21:53:03.742, 4615666810693, vstest.console.dll, AssemblyResolver.OnResolve: Microsoft.Bcl.AsyncInterfaces: Assembly path does not exist: 'C:\Program Files\dotnet\sdk\7.0.400\Extensions\Microsoft.Bcl.AsyncInterfaces.exe', returning.
TpTrace Information: 0 : 26924, 1, 2024/02/07, 21:53:03.742, 4615666811267, vstest.console.dll, AssemblyResolver.OnResolve: Microsoft.Bcl.AsyncInterfaces: Searching in: 'C:\Program Files\dotnet\sdk\7.0.400'.
TpTrace Information: 0 : 26924, 1, 2024/02/07, 21:53:03.743, 4615666812148, vstest.console.dll, AssemblyResolver.OnResolve: Microsoft.Bcl.AsyncInterfaces: Assembly path does not exist: 'C:\Program Files\dotnet\sdk\7.0.400\Microsoft.Bcl.AsyncInterfaces.dll', returning.
TpTrace Information: 0 : 26924, 1, 2024/02/07, 21:53:03.743, 4615666812647, vstest.console.dll, AssemblyResolver.OnResolve: Microsoft.Bcl.AsyncInterfaces: Assembly path does not exist: 'C:\Program Files\dotnet\sdk\7.0.400\Microsoft.Bcl.AsyncInterfaces.exe', returning.
TpTrace Information: 0 : 26924, 1, 2024/02/07, 21:53:03.743, 4615666813010, vstest.console.dll, AssemblyResolver.OnResolve: Microsoft.Bcl.AsyncInterfaces: Failed to load assembly.
TpTrace Verbose: 0 : 26924, 1, 2024/02/07, 21:53:03.743, 4615666813520, vstest.console.dll, CurrentDomainAssemblyResolve: Resolving assembly 'Microsoft.Bcl.AsyncInterfaces'.
TpTrace Information: 0 : 26924, 1, 2024/02/07, 21:53:03.743, 4615666814766, vstest.console.dll, AssemblyResolver.OnResolve: Microsoft.Bcl.AsyncInterfaces: Resolving assembly.
TpTrace Information: 0 : 26924, 1, 2024/02/07, 21:53:03.743, 4615666815370, vstest.console.dll, AssemblyResolver.OnResolve: Microsoft.Bcl.AsyncInterfaces: Resolved from cache.
TpTrace Verbose: 0 : 26924, 1, 2024/02/07, 21:53:03.743, 4615666815626, vstest.console.dll, CurrentDomainAssemblyResolve: Resolving assembly 'Microsoft.Bcl.AsyncInterfaces'.
TpTrace Verbose: 0 : 26924, 1, 2024/02/07, 21:53:03.743, 4615666815955, vstest.console.dll, CurrentDomainAssemblyResolve: Failed to resolve assembly 'Microsoft.Bcl.AsyncInterfaces'.
TpTrace Verbose: 0 : 26924, 1, 2024/02/07, 21:53:03.744, 4615666827605, vstest.console.dll, CurrentDomainAssemblyResolve: Failed to resolve assembly 'Microsoft.Bcl.AsyncInterfaces'.
TpTrace Warning: 0 : 26924, 1, 2024/02/07, 21:53:03.763, 4615667018983, vstest.console.dll, TestPluginDiscoverer: Failed to get types from assembly 'Microsoft.Diagnostics.NETCore.Client, Version=0.2.8.21101, Culture=neutral, PublicKeyToken=31bf3856ad364e35'. Error: System.Reflection.ReflectionTypeLoadException: Unable to load one or more of the requested types.
Could not load file or assembly 'Microsoft.Bcl.AsyncInterfaces, Version=1.0.0.0, Culture=neutral, PublicKeyToken=cc7b13ffcd2ddd51'. The system cannot find the file specified.
   at System.Reflection.RuntimeModule.GetTypes(RuntimeModule module)
   at System.Reflection.Assembly.GetTypes()
   at Microsoft.VisualStudio.TestPlatform.Common.ExtensionFramework.TestPluginDiscoverer.GetTestExtensionsFromAssembly[TPluginInfo,TExtension](Assembly assembly, Dictionary`2 pluginInfos, String filePath) in /_/src/Microsoft.TestPlatform.Common/ExtensionFramework/TestPluginDiscoverer.cs:line 158
System.IO.FileNotFoundException: Could not load file or assembly 'Microsoft.Bcl.AsyncInterfaces, Version=1.0.0.0, Culture=neutral, PublicKeyToken=cc7b13ffcd2ddd51'. The system cannot find the file specified.
File name: 'Microsoft.Bcl.AsyncInterfaces, Version=1.0.0.0, Culture=neutral, PublicKeyToken=cc7b13ffcd2ddd51'
 ---> System.IO.FileNotFoundException: Could not load file or assembly 'Microsoft.Bcl.AsyncInterfaces, Culture=neutral, PublicKeyToken=null'. The system cannot find the file specified.
File name: 'Microsoft.Bcl.AsyncInterfaces, Culture=neutral, PublicKeyToken=null'
   at System.Reflection.RuntimeAssembly.InternalLoad(AssemblyName assemblyName, StackCrawlMark& stackMark, AssemblyLoadContext assemblyLoadContext, RuntimeAssembly requestingAssembly, Boolean throwOnFileNotFound)
   at System.Reflection.Assembly.Load(AssemblyName assemblyRef)
   at Microsoft.VisualStudio.TestPlatform.Common.ExtensionFramework.TestPluginCache.CurrentDomainAssemblyResolve(Object sender, AssemblyResolveEventArgs args) in /_/src/Microsoft.TestPlatform.Common/ExtensionFramework/TestPluginCache.cs:line 513
   at System.Runtime.Loader.AssemblyLoadContext.GetFirstResolvedAssemblyFromResolvingEvent(AssemblyName assemblyName)
   at System.Runtime.Loader.AssemblyLoadContext.ResolveUsingEvent(AssemblyName assemblyName)
   at System.Runtime.Loader.AssemblyLoadContext.ResolveUsingResolvingEvent(IntPtr gchManagedAssemblyLoadContext, AssemblyName assemblyName)
TpTrace Warning: 0 : 26924, 1, 2024/02/07, 21:53:03.764, 4615667022269, vstest.console.dll, LoaderExceptions: System.IO.FileNotFoundException: Could not load file or assembly 'Microsoft.Bcl.AsyncInterfaces, Version=1.0.0.0, Culture=neutral, PublicKeyToken=cc7b13ffcd2ddd51'. The system cannot find the file specified.
File name: 'Microsoft.Bcl.AsyncInterfaces, Version=1.0.0.0, Culture=neutral, PublicKeyToken=cc7b13ffcd2ddd51'
 ---> System.IO.FileNotFoundException: Could not load file or assembly 'Microsoft.Bcl.AsyncInterfaces, Culture=neutral, PublicKeyToken=null'. The system cannot find the file specified.
File name: 'Microsoft.Bcl.AsyncInterfaces, Culture=neutral, PublicKeyToken=null'
   at System.Reflection.RuntimeAssembly.InternalLoad(AssemblyName assemblyName, StackCrawlMark& stackMark, AssemblyLoadContext assemblyLoadContext, RuntimeAssembly requestingAssembly, Boolean throwOnFileNotFound)
   at System.Reflection.Assembly.Load(AssemblyName assemblyRef)
   at Microsoft.VisualStudio.TestPlatform.Common.ExtensionFramework.TestPluginCache.CurrentDomainAssemblyResolve(Object sender, AssemblyResolveEventArgs args) in /_/src/Microsoft.TestPlatform.Common/ExtensionFramework/TestPluginCache.cs:line 513
   at System.Runtime.Loader.AssemblyLoadContext.GetFirstResolvedAssemblyFromResolvingEvent(AssemblyName assemblyName)
   at System.Runtime.Loader.AssemblyLoadContext.ResolveUsingEvent(AssemblyName assemblyName)
   at System.Runtime.Loader.AssemblyLoadContext.ResolveUsingResolvingEvent(IntPtr gchManagedAssemblyLoadContext, AssemblyName assemblyName)
TpTrace Information: 0 : 26924, 1, 2024/02/07, 21:53:03.764, 4615667023958, vstest.console.dll, AssemblyResolver.OnResolve: Microsoft.TestPlatform.Extensions.BlameDataCollector: Resolving assembly.
TpTrace Information: 0 : 26924, 1, 2024/02/07, 21:53:03.764, 4615667024434, vstest.console.dll, AssemblyResolver.OnResolve: Microsoft.TestPlatform.Extensions.BlameDataCollector: Searching in: 'C:\Program Files\dotnet\sdk\7.0.400\Extensions'.
TpTrace Information: 0 : 26924, 1, 2024/02/07, 21:53:03.764, 4615667029249, vstest.console.dll, AssemblyResolver.OnResolve: Microsoft.TestPlatform.Extensions.BlameDataCollector: Loading assembly 'C:\Program Files\dotnet\sdk\7.0.400\Extensions\Microsoft.TestPlatform.Extensions.BlameDataCollector.dll'.
TpTrace Information: 0 : 26924, 1, 2024/02/07, 21:53:03.765, 4615667040747, vstest.console.dll, AssemblyResolver.OnResolve: Resolved assembly: Microsoft.TestPlatform.Extensions.BlameDataCollector, from path: C:\Program Files\dotnet\sdk\7.0.400\Extensions\Microsoft.TestPlatform.Extensions.BlameDataCollector.dll
TpTrace Verbose: 0 : 26924, 1, 2024/02/07, 21:53:03.765, 4615667041498, vstest.console.dll, MetadataReaderExtensionsHelper: Discovering extensions inside assembly 'Microsoft.TestPlatform.Extensions.BlameDataCollector, Version=15.0.0.0, Culture=neutral, PublicKeyToken=b03f5f7f11d50a3a' file path 'C:\Program Files\dotnet\sdk\7.0.400\Extensions\Microsoft.TestPlatform.Extensions.BlameDataCollector.dll'
TpTrace Information: 0 : 26924, 1, 2024/02/07, 21:53:03.767, 4615667053046, vstest.console.dll, AssemblyResolver.OnResolve: Microsoft.TestPlatform.Extensions.EventLogCollector: Resolving assembly.
TpTrace Information: 0 : 26924, 1, 2024/02/07, 21:53:03.767, 4615667053584, vstest.console.dll, AssemblyResolver.OnResolve: Microsoft.TestPlatform.Extensions.EventLogCollector: Searching in: 'C:\Program Files\dotnet\sdk\7.0.400\Extensions'.
TpTrace Information: 0 : 26924, 1, 2024/02/07, 21:53:03.767, 4615667057086, vstest.console.dll, AssemblyResolver.OnResolve: Microsoft.TestPlatform.Extensions.EventLogCollector: Loading assembly 'C:\Program Files\dotnet\sdk\7.0.400\Extensions\Microsoft.TestPlatform.Extensions.EventLogCollector.dll'.
TpTrace Information: 0 : 26924, 1, 2024/02/07, 21:53:03.768, 4615667068609, vstest.console.dll, AssemblyResolver.OnResolve: Resolved assembly: Microsoft.TestPlatform.Extensions.EventLogCollector, from path: C:\Program Files\dotnet\sdk\7.0.400\Extensions\Microsoft.TestPlatform.Extensions.EventLogCollector.dll
TpTrace Verbose: 0 : 26924, 1, 2024/02/07, 21:53:03.768, 4615667070143, vstest.console.dll, MetadataReaderExtensionsHelper: Discovering extensions inside assembly 'Microsoft.TestPlatform.Extensions.EventLogCollector, Version=15.0.0.0, Culture=neutral, PublicKeyToken=b03f5f7f11d50a3a' file path 'C:\Program Files\dotnet\sdk\7.0.400\Extensions\Microsoft.TestPlatform.Extensions.EventLogCollector.dll'
TpTrace Information: 0 : 26924, 1, 2024/02/07, 21:53:03.773, 4615667120016, vstest.console.dll, AssemblyResolver.OnResolve: Microsoft.TestPlatform.TestHostRuntimeProvider: Resolving assembly.
TpTrace Information: 0 : 26924, 1, 2024/02/07, 21:53:03.773, 4615667121562, vstest.console.dll, AssemblyResolver.OnResolve: Microsoft.TestPlatform.TestHostRuntimeProvider: Searching in: 'C:\Program Files\dotnet\sdk\7.0.400\Extensions'.
TpTrace Information: 0 : 26924, 1, 2024/02/07, 21:53:03.774, 4615667126867, vstest.console.dll, AssemblyResolver.OnResolve: Microsoft.TestPlatform.TestHostRuntimeProvider: Loading assembly 'C:\Program Files\dotnet\sdk\7.0.400\Extensions\Microsoft.TestPlatform.TestHostRuntimeProvider.dll'.
TpTrace Information: 0 : 26924, 1, 2024/02/07, 21:53:03.778, 4615667162859, vstest.console.dll, AssemblyResolver.OnResolve: Resolved assembly: Microsoft.TestPlatform.TestHostRuntimeProvider, from path: C:\Program Files\dotnet\sdk\7.0.400\Extensions\Microsoft.TestPlatform.TestHostRuntimeProvider.dll
TpTrace Verbose: 0 : 26924, 1, 2024/02/07, 21:53:03.778, 4615667164173, vstest.console.dll, MetadataReaderExtensionsHelper: Discovering extensions inside assembly 'Microsoft.TestPlatform.TestHostRuntimeProvider, Version=15.0.0.0, Culture=neutral, PublicKeyToken=b03f5f7f11d50a3a' file path 'C:\Program Files\dotnet\sdk\7.0.400\Extensions\Microsoft.TestPlatform.TestHostRuntimeProvider.dll'
TpTrace Information: 0 : 26924, 1, 2024/02/07, 21:53:03.779, 4615667181192, vstest.console.dll, GetTestExtensionFromType: Register extension with identifier data 'HostProvider://DefaultTestHost' and type 'Microsoft.VisualStudio.TestPlatform.CrossPlatEngine.Hosting.DefaultTestHostManager, Microsoft.TestPlatform.TestHostRuntimeProvider, Version=15.0.0.0, Culture=neutral, PublicKeyToken=b03f5f7f11d50a3a' inside file 'C:\Program Files\dotnet\sdk\7.0.400\Extensions\Microsoft.TestPlatform.TestHostRuntimeProvider.dll'
TpTrace Information: 0 : 26924, 1, 2024/02/07, 21:53:03.780, 4615667183208, vstest.console.dll, GetTestExtensionFromType: Register extension with identifier data 'HostProvider://DotnetTestHost' and type 'Microsoft.VisualStudio.TestPlatform.CrossPlatEngine.Hosting.DotnetTestHostManager, Microsoft.TestPlatform.TestHostRuntimeProvider, Version=15.0.0.0, Culture=neutral, PublicKeyToken=b03f5f7f11d50a3a' inside file 'C:\Program Files\dotnet\sdk\7.0.400\Extensions\Microsoft.TestPlatform.TestHostRuntimeProvider.dll'
TpTrace Information: 0 : 26924, 1, 2024/02/07, 21:53:03.780, 4615667184019, vstest.console.dll, AssemblyResolver.OnResolve: Microsoft.VisualStudio.TestPlatform.Extensions.Html.TestLogger: Resolving assembly.
TpTrace Information: 0 : 26924, 1, 2024/02/07, 21:53:03.780, 4615667184389, vstest.console.dll, AssemblyResolver.OnResolve: Microsoft.VisualStudio.TestPlatform.Extensions.Html.TestLogger: Searching in: 'C:\Program Files\dotnet\sdk\7.0.400\Extensions'.
TpTrace Information: 0 : 26924, 1, 2024/02/07, 21:53:03.780, 4615667187872, vstest.console.dll, AssemblyResolver.OnResolve: Microsoft.VisualStudio.TestPlatform.Extensions.Html.TestLogger: Loading assembly 'C:\Program Files\dotnet\sdk\7.0.400\Extensions\Microsoft.VisualStudio.TestPlatform.Extensions.Html.TestLogger.dll'.
TpTrace Information: 0 : 26924, 1, 2024/02/07, 21:53:03.781, 4615667200515, vstest.console.dll, AssemblyResolver.OnResolve: Resolved assembly: Microsoft.VisualStudio.TestPlatform.Extensions.Html.TestLogger, from path: C:\Program Files\dotnet\sdk\7.0.400\Extensions\Microsoft.VisualStudio.TestPlatform.Extensions.Html.TestLogger.dll
TpTrace Verbose: 0 : 26924, 1, 2024/02/07, 21:53:03.781, 4615667201218, vstest.console.dll, MetadataReaderExtensionsHelper: Discovering extensions inside assembly 'Microsoft.VisualStudio.TestPlatform.Extensions.Html.TestLogger, Version=15.0.0.0, Culture=neutral, PublicKeyToken=b03f5f7f11d50a3a' file path 'C:\Program Files\dotnet\sdk\7.0.400\Extensions\Microsoft.VisualStudio.TestPlatform.Extensions.Html.TestLogger.dll'
TpTrace Information: 0 : 26924, 1, 2024/02/07, 21:53:03.782, 4615667207804, vstest.console.dll, AssemblyResolver.OnResolve: Microsoft.VisualStudio.TestPlatform.Extensions.Trx.TestLogger: Resolving assembly.
TpTrace Information: 0 : 26924, 1, 2024/02/07, 21:53:03.782, 4615667208532, vstest.console.dll, AssemblyResolver.OnResolve: Microsoft.VisualStudio.TestPlatform.Extensions.Trx.TestLogger: Searching in: 'C:\Program Files\dotnet\sdk\7.0.400\Extensions'.
TpTrace Information: 0 : 26924, 1, 2024/02/07, 21:53:03.782, 4615667211597, vstest.console.dll, AssemblyResolver.OnResolve: Microsoft.VisualStudio.TestPlatform.Extensions.Trx.TestLogger: Loading assembly 'C:\Program Files\dotnet\sdk\7.0.400\Extensions\Microsoft.VisualStudio.TestPlatform.Extensions.Trx.TestLogger.dll'.
TpTrace Information: 0 : 26924, 1, 2024/02/07, 21:53:03.784, 4615667223312, vstest.console.dll, AssemblyResolver.OnResolve: Resolved assembly: Microsoft.VisualStudio.TestPlatform.Extensions.Trx.TestLogger, from path: C:\Program Files\dotnet\sdk\7.0.400\Extensions\Microsoft.VisualStudio.TestPlatform.Extensions.Trx.TestLogger.dll
TpTrace Verbose: 0 : 26924, 1, 2024/02/07, 21:53:03.784, 4615667224347, vstest.console.dll, MetadataReaderExtensionsHelper: Discovering extensions inside assembly 'Microsoft.VisualStudio.TestPlatform.Extensions.Trx.TestLogger, Version=15.0.0.0, Culture=neutral, PublicKeyToken=b03f5f7f11d50a3a' file path 'C:\Program Files\dotnet\sdk\7.0.400\Extensions\Microsoft.VisualStudio.TestPlatform.Extensions.Trx.TestLogger.dll'
TpTrace Verbose: 0 : 26924, 1, 2024/02/07, 21:53:03.786, 4615667244248, vstest.console.dll, TestPluginCache: Discovered the extensions using extension path ''.
TpTrace Verbose: 0 : 26924, 1, 2024/02/07, 21:53:03.786, 4615667247872, vstest.console.dll, TestPluginCache: Discoverers are ''.
TpTrace Verbose: 0 : 26924, 1, 2024/02/07, 21:53:03.786, 4615667248248, vstest.console.dll, TestPluginCache: Executors are ''.
TpTrace Verbose: 0 : 26924, 1, 2024/02/07, 21:53:03.786, 4615667248442, vstest.console.dll, TestPluginCache: Executors2 are ''.
TpTrace Verbose: 0 : 26924, 1, 2024/02/07, 21:53:03.786, 4615667248631, vstest.console.dll, TestPluginCache: Setting providers are ''.
TpTrace Verbose: 0 : 26924, 1, 2024/02/07, 21:53:03.786, 4615667248819, vstest.console.dll, TestPluginCache: Loggers are ''.
TpTrace Verbose: 0 : 26924, 1, 2024/02/07, 21:53:03.786, 4615667249530, vstest.console.dll, TestPluginCache: TestHosts are 'HostProvider://DefaultTestHost,HostProvider://DotnetTestHost'.
TpTrace Verbose: 0 : 26924, 1, 2024/02/07, 21:53:03.786, 4615667249810, vstest.console.dll, TestPluginCache: DataCollectors are ''.
TpTrace Information: 0 : 26924, 1, 2024/02/07, 21:53:03.799, 4615667380593, vstest.console.dll, RunTestsArgumentProcessor:Execute: Test run is starting.
TpTrace Verbose: 0 : 26924, 1, 2024/02/07, 21:53:03.799, 4615667381722, vstest.console.dll, RunTestsArgumentProcessor:Execute: Queuing Test run.
TpTrace Information: 0 : 26924, 1, 2024/02/07, 21:53:03.800, 4615667383751, vstest.console.dll, TestRequestManager.RunTests: run tests started.
TpTrace Information: 0 : 26924, 1, 2024/02/07, 21:53:03.803, 4615667414020, vstest.console.dll, AssemblyMetadataProvider.GetFrameworkName: Determined framework:'.NETCoreApp,Version=v7.0' for source: 'C:\Cursos\CSharp\Rocktseat\Rocktseat_Auction\Tests\UseCases.Test\bin\Debug\net7.0\fine-code-coverage\build-output\UseCases.Test.dll'
TpTrace Information: 0 : 26924, 1, 2024/02/07, 21:53:03.803, 4615667416402, vstest.console.dll, Determined framework for all sources: .NETCoreApp,Version=v7.0
TpTrace Verbose: 0 : 26924, 1, 2024/02/07, 21:53:03.803, 4615667420459, vstest.console.dll, TestRequestManager.UpdateRunSettingsIfRequired: Default architecture: X64 IsDefaultTargetArchitecture: True, Current process architecture: X64 OperatingSystem: Windows.
TpTrace Information: 0 : 26924, 1, 2024/02/07, 21:53:03.807, 4615667456827, vstest.console.dll, AssemblyMetadataProvider.GetArchitecture: Determined architecture:AnyCPU info for assembly: C:\Cursos\CSharp\Rocktseat\Rocktseat_Auction\Tests\UseCases.Test\bin\Debug\net7.0\fine-code-coverage\build-output\UseCases.Test.dll
TpTrace Information: 0 : 26924, 1, 2024/02/07, 21:53:03.807, 4615667459037, vstest.console.dll, Determined platform for source 'C:\Cursos\CSharp\Rocktseat\Rocktseat_Auction\Tests\UseCases.Test\bin\Debug\net7.0\fine-code-coverage\build-output\UseCases.Test.dll' was AnyCPU and it will use the default plaform X64.
TpTrace Information: 0 : 26924, 1, 2024/02/07, 21:53:03.807, 4615667459486, vstest.console.dll, None of the sources provided any runnable platform, using the default platform: X64
TpTrace Information: 0 : 26924, 1, 2024/02/07, 21:53:03.807, 4615667461374, vstest.console.dll, Platform was updated to 'X64'.
TpTrace Information: 0 : 26924, 1, 2024/02/07, 21:53:03.810, 4615667489746, vstest.console.dll, InferRunSettingsHelper.IsTestSettingsEnabled: Unable to navigate to RunSettings/MSTest. Current node: RunSettings
TpTrace Information: 0 : 26924, 1, 2024/02/07, 21:53:03.811, 4615667496489, vstest.console.dll, AssemblyResolver.OnResolve: Microsoft.VisualStudio.TestPlatform.Fakes: Resolving assembly.
TpTrace Information: 0 : 26924, 1, 2024/02/07, 21:53:03.811, 4615667497083, vstest.console.dll, AssemblyResolver.OnResolve: Microsoft.VisualStudio.TestPlatform.Fakes: Searching in: 'C:\Program Files\dotnet\sdk\7.0.400\Extensions'.
TpTrace Information: 0 : 26924, 1, 2024/02/07, 21:53:03.811, 4615667497982, vstest.console.dll, AssemblyResolver.OnResolve: Microsoft.VisualStudio.TestPlatform.Fakes: Assembly path does not exist: 'C:\Program Files\dotnet\sdk\7.0.400\Extensions\Microsoft.VisualStudio.TestPlatform.Fakes.dll', returning.
TpTrace Information: 0 : 26924, 1, 2024/02/07, 21:53:03.811, 4615667498469, vstest.console.dll, AssemblyResolver.OnResolve: Microsoft.VisualStudio.TestPlatform.Fakes: Assembly path does not exist: 'C:\Program Files\dotnet\sdk\7.0.400\Extensions\Microsoft.VisualStudio.TestPlatform.Fakes.exe', returning.
TpTrace Information: 0 : 26924, 1, 2024/02/07, 21:53:03.811, 4615667498718, vstest.console.dll, AssemblyResolver.OnResolve: Microsoft.VisualStudio.TestPlatform.Fakes: Searching in: 'C:\Program Files\dotnet\sdk\7.0.400'.
TpTrace Information: 0 : 26924, 1, 2024/02/07, 21:53:03.811, 4615667499153, vstest.console.dll, AssemblyResolver.OnResolve: Microsoft.VisualStudio.TestPlatform.Fakes: Assembly path does not exist: 'C:\Program Files\dotnet\sdk\7.0.400\Microsoft.VisualStudio.TestPlatform.Fakes.dll', returning.
TpTrace Information: 0 : 26924, 1, 2024/02/07, 21:53:03.811, 4615667499622, vstest.console.dll, AssemblyResolver.OnResolve: Microsoft.VisualStudio.TestPlatform.Fakes: Assembly path does not exist: 'C:\Program Files\dotnet\sdk\7.0.400\Microsoft.VisualStudio.TestPlatform.Fakes.exe', returning.
TpTrace Information: 0 : 26924, 1, 2024/02/07, 21:53:03.811, 4615667499897, vstest.console.dll, AssemblyResolver.OnResolve: Microsoft.VisualStudio.TestPlatform.Fakes: Failed to load assembly.
TpTrace Information: 0 : 26924, 1, 2024/02/07, 21:53:03.812, 4615667502015, vstest.console.dll, Failed to load assembly Microsoft.VisualStudio.TestPlatform.Fakes, Version=17.0.0.0, Culture=neutral. Reason:System.IO.FileNotFoundException: Could not load file or assembly 'Microsoft.VisualStudio.TestPlatform.Fakes, Version=17.0.0.0, Culture=neutral, PublicKeyToken=null'. The system cannot find the file specified.
File name: 'Microsoft.VisualStudio.TestPlatform.Fakes, Version=17.0.0.0, Culture=neutral, PublicKeyToken=null'
   at System.Reflection.RuntimeAssembly.InternalLoad(AssemblyName assemblyName, StackCrawlMark& stackMark, AssemblyLoadContext assemblyLoadContext, RuntimeAssembly requestingAssembly, Boolean throwOnFileNotFound)
   at System.Reflection.Assembly.Load(AssemblyName assemblyRef)
   at Microsoft.VisualStudio.TestPlatform.Common.Utilities.FakesUtilities.LoadTestPlatformAssembly() in /_/src/Microsoft.TestPlatform.Common/Utilities/FakesUtilities.cs:line 272
TpTrace Verbose: 0 : 26924, 1, 2024/02/07, 21:53:03.815, 4615667540117, vstest.console.dll, TestPluginCache.DiscoverTestExtensions: finding test extensions in assemblies ends with: TestLogger.dll TPluginInfo: Microsoft.VisualStudio.TestPlatform.Common.ExtensionFramework.Utilities.TestLoggerPluginInformation TExtension: Microsoft.VisualStudio.TestPlatform.ObjectModel.Client.ITestLogger
TpTrace Verbose: 0 : 26924, 1, 2024/02/07, 21:53:03.815, 4615667541469, vstest.console.dll, TestPluginCache.GetExtensionPaths: Filtered extension paths: 
TpTrace Verbose: 0 : 26924, 1, 2024/02/07, 21:53:03.816, 4615667541880, vstest.console.dll, TestPluginCache.GetExtensionPaths: Added default extension paths: C:\Program Files\dotnet\sdk\7.0.400\Extensions\Microsoft.Diagnostics.NETCore.Client.dll
C:\Program Files\dotnet\sdk\7.0.400\Extensions\Microsoft.TestPlatform.Extensions.BlameDataCollector.dll
C:\Program Files\dotnet\sdk\7.0.400\Extensions\Microsoft.TestPlatform.Extensions.EventLogCollector.dll
C:\Program Files\dotnet\sdk\7.0.400\Extensions\Microsoft.TestPlatform.TestHostRuntimeProvider.dll
C:\Program Files\dotnet\sdk\7.0.400\Extensions\Microsoft.VisualStudio.TestPlatform.Extensions.Html.TestLogger.dll
C:\Program Files\dotnet\sdk\7.0.400\Extensions\Microsoft.VisualStudio.TestPlatform.Extensions.Trx.TestLogger.dll
TpTrace Verbose: 0 : 26924, 1, 2024/02/07, 21:53:03.816, 4615667542111, vstest.console.dll, TestPluginCache.GetExtensionPaths: Added unfilterableExtensionPaths: 
TpTrace Information: 0 : 26924, 1, 2024/02/07, 21:53:03.816, 4615667543081, vstest.console.dll, AssemblyResolver.AddSearchDirectories: Adding more searchDirectories C:\Program Files\dotnet\sdk\7.0.400\Extensions,C:\Program Files\dotnet\sdk\7.0.400
TpTrace Verbose: 0 : 26924, 1, 2024/02/07, 21:53:03.816, 4615667543673, vstest.console.dll, TestPluginCache.DiscoverTestExtensions: Discovering the extensions using extension path.
TpTrace Verbose: 0 : 26924, 1, 2024/02/07, 21:53:03.816, 4615667544031, vstest.console.dll, TestPluginCache.GetExtensionPaths: Filtered extension paths: 
TpTrace Verbose: 0 : 26924, 1, 2024/02/07, 21:53:03.816, 4615667544295, vstest.console.dll, TestPluginCache.GetExtensionPaths: Added default extension paths: C:\Program Files\dotnet\sdk\7.0.400\Extensions\Microsoft.Diagnostics.NETCore.Client.dll
C:\Program Files\dotnet\sdk\7.0.400\Extensions\Microsoft.TestPlatform.Extensions.BlameDataCollector.dll
C:\Program Files\dotnet\sdk\7.0.400\Extensions\Microsoft.TestPlatform.Extensions.EventLogCollector.dll
C:\Program Files\dotnet\sdk\7.0.400\Extensions\Microsoft.TestPlatform.TestHostRuntimeProvider.dll
C:\Program Files\dotnet\sdk\7.0.400\Extensions\Microsoft.VisualStudio.TestPlatform.Extensions.Html.TestLogger.dll
C:\Program Files\dotnet\sdk\7.0.400\Extensions\Microsoft.VisualStudio.TestPlatform.Extensions.Trx.TestLogger.dll
TpTrace Verbose: 0 : 26924, 1, 2024/02/07, 21:53:03.816, 4615667544540, vstest.console.dll, TestPluginCache.GetExtensionPaths: Added unfilterableExtensionPaths: 
TpTrace Verbose: 0 : 26924, 1, 2024/02/07, 21:53:03.816, 4615667544814, vstest.console.dll, TestPluginCache.DiscoverTestExtensions: Discovering the extensions using allExtensionPaths: C:\Program Files\dotnet\sdk\7.0.400\Extensions\Microsoft.Diagnostics.NETCore.Client.dll
C:\Program Files\dotnet\sdk\7.0.400\Extensions\Microsoft.TestPlatform.Extensions.BlameDataCollector.dll
C:\Program Files\dotnet\sdk\7.0.400\Extensions\Microsoft.TestPlatform.Extensions.EventLogCollector.dll
C:\Program Files\dotnet\sdk\7.0.400\Extensions\Microsoft.TestPlatform.TestHostRuntimeProvider.dll
C:\Program Files\dotnet\sdk\7.0.400\Extensions\Microsoft.VisualStudio.TestPlatform.Extensions.Html.TestLogger.dll
C:\Program Files\dotnet\sdk\7.0.400\Extensions\Microsoft.VisualStudio.TestPlatform.Extensions.Trx.TestLogger.dll
TpTrace Information: 0 : 26924, 1, 2024/02/07, 21:53:03.816, 4615667545787, vstest.console.dll, AssemblyResolver.AddSearchDirectories: Adding more searchDirectories C:\Program Files\dotnet\sdk\7.0.400\Extensions,C:\Program Files\dotnet\sdk\7.0.400
TpTrace Information: 0 : 26924, 1, 2024/02/07, 21:53:03.816, 4615667546130, vstest.console.dll, AssemblyResolver.AddSearchDirectories: Adding more searchDirectories C:\Program Files\dotnet\sdk\7.0.400\Extensions,C:\Program Files\dotnet\sdk\7.0.400
TpTrace Information: 0 : 26924, 1, 2024/02/07, 21:53:03.816, 4615667546510, vstest.console.dll, AssemblyResolver.AddSearchDirectories: Adding more searchDirectories C:\Program Files\dotnet\sdk\7.0.400\Extensions,C:\Program Files\dotnet\sdk\7.0.400
TpTrace Information: 0 : 26924, 1, 2024/02/07, 21:53:03.816, 4615667546724, vstest.console.dll, AssemblyResolver.AddSearchDirectories: Adding more searchDirectories C:\Program Files\dotnet\sdk\7.0.400\Extensions,C:\Program Files\dotnet\sdk\7.0.400
TpTrace Information: 0 : 26924, 1, 2024/02/07, 21:53:03.816, 4615667546949, vstest.console.dll, AssemblyResolver.AddSearchDirectories: Adding more searchDirectories C:\Program Files\dotnet\sdk\7.0.400\Extensions,C:\Program Files\dotnet\sdk\7.0.400
TpTrace Information: 0 : 26924, 1, 2024/02/07, 21:53:03.816, 4615667547165, vstest.console.dll, AssemblyResolver.AddSearchDirectories: Adding more searchDirectories C:\Program Files\dotnet\sdk\7.0.400\Extensions,C:\Program Files\dotnet\sdk\7.0.400
TpTrace Verbose: 0 : 26924, 1, 2024/02/07, 21:53:03.816, 4615667547952, vstest.console.dll, MetadataReaderExtensionsHelper: Discovering extensions inside assembly 'Microsoft.Diagnostics.NETCore.Client, Version=0.2.8.21101, Culture=neutral, PublicKeyToken=31bf3856ad364e35' file path 'C:\Program Files\dotnet\sdk\7.0.400\Extensions\Microsoft.Diagnostics.NETCore.Client.dll'
TpTrace Information: 0 : 26924, 1, 2024/02/07, 21:53:03.817, 4615667554352, vstest.console.dll, AssemblyResolver.OnResolve: Microsoft.Bcl.AsyncInterfaces: Resolving assembly.
TpTrace Information: 0 : 26924, 1, 2024/02/07, 21:53:03.817, 4615667555051, vstest.console.dll, AssemblyResolver.OnResolve: Microsoft.Bcl.AsyncInterfaces: Resolved from cache.
TpTrace Verbose: 0 : 26924, 1, 2024/02/07, 21:53:03.817, 4615667555293, vstest.console.dll, CurrentDomainAssemblyResolve: Resolving assembly 'Microsoft.Bcl.AsyncInterfaces'.
TpTrace Information: 0 : 26924, 1, 2024/02/07, 21:53:03.817, 4615667555794, vstest.console.dll, AssemblyResolver.OnResolve: Microsoft.Bcl.AsyncInterfaces: Resolving assembly.
TpTrace Information: 0 : 26924, 1, 2024/02/07, 21:53:03.817, 4615667556460, vstest.console.dll, AssemblyResolver.OnResolve: Microsoft.Bcl.AsyncInterfaces: Resolved from cache.
TpTrace Verbose: 0 : 26924, 1, 2024/02/07, 21:53:03.817, 4615667557108, vstest.console.dll, CurrentDomainAssemblyResolve: Resolving assembly 'Microsoft.Bcl.AsyncInterfaces'.
TpTrace Verbose: 0 : 26924, 1, 2024/02/07, 21:53:03.817, 4615667557909, vstest.console.dll, CurrentDomainAssemblyResolve: Failed to resolve assembly 'Microsoft.Bcl.AsyncInterfaces'.
TpTrace Verbose: 0 : 26924, 1, 2024/02/07, 21:53:03.817, 4615667560110, vstest.console.dll, CurrentDomainAssemblyResolve: Failed to resolve assembly 'Microsoft.Bcl.AsyncInterfaces'.
TpTrace Warning: 0 : 26924, 1, 2024/02/07, 21:53:03.818, 4615667564695, vstest.console.dll, TestPluginDiscoverer: Failed to get types from assembly 'Microsoft.Diagnostics.NETCore.Client, Version=0.2.8.21101, Culture=neutral, PublicKeyToken=31bf3856ad364e35'. Error: System.Reflection.ReflectionTypeLoadException: Unable to load one or more of the requested types.
Could not load file or assembly 'Microsoft.Bcl.AsyncInterfaces, Version=1.0.0.0, Culture=neutral, PublicKeyToken=cc7b13ffcd2ddd51'. The system cannot find the file specified.
   at System.Reflection.RuntimeModule.GetTypes(RuntimeModule module)
   at System.Reflection.Assembly.GetTypes()
   at Microsoft.VisualStudio.TestPlatform.Common.ExtensionFramework.TestPluginDiscoverer.GetTestExtensionsFromAssembly[TPluginInfo,TExtension](Assembly assembly, Dictionary`2 pluginInfos, String filePath) in /_/src/Microsoft.TestPlatform.Common/ExtensionFramework/TestPluginDiscoverer.cs:line 158
System.IO.FileNotFoundException: Could not load file or assembly 'Microsoft.Bcl.AsyncInterfaces, Version=1.0.0.0, Culture=neutral, PublicKeyToken=cc7b13ffcd2ddd51'. The system cannot find the file specified.
File name: 'Microsoft.Bcl.AsyncInterfaces, Version=1.0.0.0, Culture=neutral, PublicKeyToken=cc7b13ffcd2ddd51'
 ---> System.IO.FileNotFoundException: Could not load file or assembly 'Microsoft.Bcl.AsyncInterfaces, Culture=neutral, PublicKeyToken=null'. The system cannot find the file specified.
File name: 'Microsoft.Bcl.AsyncInterfaces, Culture=neutral, PublicKeyToken=null'
   at System.Reflection.RuntimeAssembly.InternalLoad(AssemblyName assemblyName, StackCrawlMark& stackMark, AssemblyLoadContext assemblyLoadContext, RuntimeAssembly requestingAssembly, Boolean throwOnFileNotFound)
   at System.Reflection.Assembly.Load(AssemblyName assemblyRef)
   at Microsoft.VisualStudio.TestPlatform.Common.ExtensionFramework.TestPluginCache.CurrentDomainAssemblyResolve(Object sender, AssemblyResolveEventArgs args) in /_/src/Microsoft.TestPlatform.Common/ExtensionFramework/TestPluginCache.cs:line 513
   at System.Runtime.Loader.AssemblyLoadContext.GetFirstResolvedAssemblyFromResolvingEvent(AssemblyName assemblyName)
   at System.Runtime.Loader.AssemblyLoadContext.ResolveUsingEvent(AssemblyName assemblyName)
   at System.Runtime.Loader.AssemblyLoadContext.ResolveUsingResolvingEvent(IntPtr gchManagedAssemblyLoadContext, AssemblyName assemblyName)
TpTrace Warning: 0 : 26924, 1, 2024/02/07, 21:53:03.818, 4615667567759, vstest.console.dll, LoaderExceptions: System.IO.FileNotFoundException: Could not load file or assembly 'Microsoft.Bcl.AsyncInterfaces, Version=1.0.0.0, Culture=neutral, PublicKeyToken=cc7b13ffcd2ddd51'. The system cannot find the file specified.
File name: 'Microsoft.Bcl.AsyncInterfaces, Version=1.0.0.0, Culture=neutral, PublicKeyToken=cc7b13ffcd2ddd51'
 ---> System.IO.FileNotFoundException: Could not load file or assembly 'Microsoft.Bcl.AsyncInterfaces, Culture=neutral, PublicKeyToken=null'. The system cannot find the file specified.
File name: 'Microsoft.Bcl.AsyncInterfaces, Culture=neutral, PublicKeyToken=null'
   at System.Reflection.RuntimeAssembly.InternalLoad(AssemblyName assemblyName, StackCrawlMark& stackMark, AssemblyLoadContext assemblyLoadContext, RuntimeAssembly requestingAssembly, Boolean throwOnFileNotFound)
   at System.Reflection.Assembly.Load(AssemblyName assemblyRef)
   at Microsoft.VisualStudio.TestPlatform.Common.ExtensionFramework.TestPluginCache.CurrentDomainAssemblyResolve(Object sender, AssemblyResolveEventArgs args) in /_/src/Microsoft.TestPlatform.Common/ExtensionFramework/TestPluginCache.cs:line 513
   at System.Runtime.Loader.AssemblyLoadContext.GetFirstResolvedAssemblyFromResolvingEvent(AssemblyName assemblyName)
   at System.Runtime.Loader.AssemblyLoadContext.ResolveUsingEvent(AssemblyName assemblyName)
   at System.Runtime.Loader.AssemblyLoadContext.ResolveUsingResolvingEvent(IntPtr gchManagedAssemblyLoadContext, AssemblyName assemblyName)
TpTrace Verbose: 0 : 26924, 1, 2024/02/07, 21:53:03.818, 4615667568871, vstest.console.dll, MetadataReaderExtensionsHelper: Discovering extensions inside assembly 'Microsoft.TestPlatform.Extensions.BlameDataCollector, Version=15.0.0.0, Culture=neutral, PublicKeyToken=b03f5f7f11d50a3a' file path 'C:\Program Files\dotnet\sdk\7.0.400\Extensions\Microsoft.TestPlatform.Extensions.BlameDataCollector.dll'
TpTrace Information: 0 : 26924, 1, 2024/02/07, 21:53:03.820, 4615667583192, vstest.console.dll, GetTestExtensionFromType: Register extension with identifier data 'logger://Microsoft/TestPlatform/Extensions/Blame/v1' and type 'Microsoft.TestPlatform.Extensions.BlameDataCollector.BlameLogger, Microsoft.TestPlatform.Extensions.BlameDataCollector, Version=15.0.0.0, Culture=neutral, PublicKeyToken=b03f5f7f11d50a3a' inside file 'C:\Program Files\dotnet\sdk\7.0.400\Extensions\Microsoft.TestPlatform.Extensions.BlameDataCollector.dll'
TpTrace Verbose: 0 : 26924, 1, 2024/02/07, 21:53:03.820, 4615667584019, vstest.console.dll, MetadataReaderExtensionsHelper: Discovering extensions inside assembly 'Microsoft.TestPlatform.Extensions.EventLogCollector, Version=15.0.0.0, Culture=neutral, PublicKeyToken=b03f5f7f11d50a3a' file path 'C:\Program Files\dotnet\sdk\7.0.400\Extensions\Microsoft.TestPlatform.Extensions.EventLogCollector.dll'
TpTrace Verbose: 0 : 26924, 1, 2024/02/07, 21:53:03.820, 4615667587897, vstest.console.dll, MetadataReaderExtensionsHelper: Discovering extensions inside assembly 'Microsoft.TestPlatform.TestHostRuntimeProvider, Version=15.0.0.0, Culture=neutral, PublicKeyToken=b03f5f7f11d50a3a' file path 'C:\Program Files\dotnet\sdk\7.0.400\Extensions\Microsoft.TestPlatform.TestHostRuntimeProvider.dll'
TpTrace Verbose: 0 : 26924, 1, 2024/02/07, 21:53:03.820, 4615667591113, vstest.console.dll, MetadataReaderExtensionsHelper: Discovering extensions inside assembly 'Microsoft.VisualStudio.TestPlatform.Extensions.Html.TestLogger, Version=15.0.0.0, Culture=neutral, PublicKeyToken=b03f5f7f11d50a3a' file path 'C:\Program Files\dotnet\sdk\7.0.400\Extensions\Microsoft.VisualStudio.TestPlatform.Extensions.Html.TestLogger.dll'
TpTrace Information: 0 : 26924, 1, 2024/02/07, 21:53:03.821, 4615667597640, vstest.console.dll, GetTestExtensionFromType: Register extension with identifier data 'logger://Microsoft/TestPlatform/HtmlLogger/v1' and type 'Microsoft.VisualStudio.TestPlatform.Extensions.HtmlLogger.HtmlLogger, Microsoft.VisualStudio.TestPlatform.Extensions.Html.TestLogger, Version=15.0.0.0, Culture=neutral, PublicKeyToken=b03f5f7f11d50a3a' inside file 'C:\Program Files\dotnet\sdk\7.0.400\Extensions\Microsoft.VisualStudio.TestPlatform.Extensions.Html.TestLogger.dll'
TpTrace Verbose: 0 : 26924, 1, 2024/02/07, 21:53:03.821, 4615667599767, vstest.console.dll, MetadataReaderExtensionsHelper: Discovering extensions inside assembly 'Microsoft.VisualStudio.TestPlatform.Extensions.Trx.TestLogger, Version=15.0.0.0, Culture=neutral, PublicKeyToken=b03f5f7f11d50a3a' file path 'C:\Program Files\dotnet\sdk\7.0.400\Extensions\Microsoft.VisualStudio.TestPlatform.Extensions.Trx.TestLogger.dll'
TpTrace Information: 0 : 26924, 1, 2024/02/07, 21:53:03.823, 4615667612007, vstest.console.dll, GetTestExtensionFromType: Register extension with identifier data 'logger://Microsoft/TestPlatform/TrxLogger/v1' and type 'Microsoft.VisualStudio.TestPlatform.Extensions.TrxLogger.TrxLogger, Microsoft.VisualStudio.TestPlatform.Extensions.Trx.TestLogger, Version=15.0.0.0, Culture=neutral, PublicKeyToken=b03f5f7f11d50a3a' inside file 'C:\Program Files\dotnet\sdk\7.0.400\Extensions\Microsoft.VisualStudio.TestPlatform.Extensions.Trx.TestLogger.dll'
TpTrace Verbose: 0 : 26924, 1, 2024/02/07, 21:53:03.823, 4615667614541, vstest.console.dll, TestPluginCache: Discovered the extensions using extension path ''.
TpTrace Verbose: 0 : 26924, 1, 2024/02/07, 21:53:03.823, 4615667614932, vstest.console.dll, TestPluginCache: Discoverers are ''.
TpTrace Verbose: 0 : 26924, 1, 2024/02/07, 21:53:03.823, 4615667615143, vstest.console.dll, TestPluginCache: Executors are ''.
TpTrace Verbose: 0 : 26924, 1, 2024/02/07, 21:53:03.823, 4615667615334, vstest.console.dll, TestPluginCache: Executors2 are ''.
TpTrace Verbose: 0 : 26924, 1, 2024/02/07, 21:53:03.823, 4615667615528, vstest.console.dll, TestPluginCache: Setting providers are ''.
TpTrace Verbose: 0 : 26924, 1, 2024/02/07, 21:53:03.823, 4615667617014, vstest.console.dll, TestPluginCache: Loggers are 'logger://Microsoft/TestPlatform/Extensions/Blame/v1,logger://Microsoft/TestPlatform/HtmlLogger/v1,logger://Microsoft/TestPlatform/TrxLogger/v1'.
TpTrace Verbose: 0 : 26924, 1, 2024/02/07, 21:53:03.823, 4615667617506, vstest.console.dll, TestPluginCache: TestHosts are 'HostProvider://DefaultTestHost,HostProvider://DotnetTestHost'.
TpTrace Verbose: 0 : 26924, 1, 2024/02/07, 21:53:03.823, 4615667617770, vstest.console.dll, TestPluginCache: DataCollectors are ''.
TpTrace Information: 0 : 26924, 1, 2024/02/07, 21:53:03.824, 4615667626620, vstest.console.dll, TestPluginManager.CreateTestExtension: Attempting to load test extension: Microsoft.TestPlatform.Extensions.BlameDataCollector.BlameLogger
TpTrace Verbose: 0 : 26924, 1, 2024/02/07, 21:53:03.831, 4615667693224, vstest.console.dll, TestEngine: Initializing Parallel Execution as MaxCpuCount is set to: 1
TpTrace Information: 0 : 26924, 1, 2024/02/07, 21:53:03.832, 4615667706234, vstest.console.dll, TestPluginManager.CreateTestExtension: Attempting to load test extension: Microsoft.VisualStudio.TestPlatform.CrossPlatEngine.Hosting.DefaultTestHostManager
TpTrace Information: 0 : 26924, 1, 2024/02/07, 21:53:03.834, 4615667722763, vstest.console.dll, TestPluginManager.CreateTestExtension: Attempting to load test extension: Microsoft.VisualStudio.TestPlatform.CrossPlatEngine.Hosting.DotnetTestHostManager
TpTrace Information: 0 : 26924, 1, 2024/02/07, 21:53:03.834, 4615667731540, vstest.console.dll, InferRunSettingsHelper.IsTestSettingsEnabled: Unable to navigate to RunSettings/MSTest. Current node: RunSettings
TpTrace Verbose: 0 : 26924, 1, 2024/02/07, 21:53:03.840, 4615667787773, vstest.console.dll, TestEngine.GetExecutionManager: Chosen execution manager 'Microsoft.VisualStudio.TestPlatform.CrossPlatEngine.Client.Parallel.ParallelProxyExecutionManager, Microsoft.TestPlatform.CrossPlatEngine, Version=15.0.0.0, Culture=neutral, PublicKeyToken=b03f5f7f11d50a3a' ParallelLevel '1'.
TpTrace Verbose: 0 : 26924, 1, 2024/02/07, 21:53:03.840, 4615667791894, vstest.console.dll, TestRunRequest.ExecuteAsync: Creating test run request.
TpTrace Verbose: 0 : 26924, 1, 2024/02/07, 21:53:03.841, 4615667796149, vstest.console.dll, TestRunRequest.ExecuteAsync: Starting.
TpTrace Information: 0 : 26924, 1, 2024/02/07, 21:53:03.841, 4615667799365, vstest.console.dll, TestRunRequest.ExecuteAsync: Starting run with settings:TestRunCriteria:
   KeepAlive=False,FrequencyOfRunStatsChangeEvent=10,RunStatsChangeEventTimeout=00:00:01.5000000,TestCaseFilter=,TestExecutorLauncher=
   Settingsxml=<RunSettings>
  <RunConfiguration>
    <ResultsDirectory>C:\Cursos\CSharp\Rocktseat\Rocktseat_Auction\Tests\UseCases.Test\bin\Debug\net7.0\fine-code-coverage\coverage-tool-output</ResultsDirectory>
    <TargetPlatform>X64</TargetPlatform>
    <TargetFrameworkVersion>.NETCoreApp,Version=v7.0</TargetFrameworkVersion>
    <DesignMode>False</DesignMode>
    <CollectSourceInformation>False</CollectSourceInformation>
  </RunConfiguration>
  <LoggerRunSettings>
    <Loggers>
      <Logger friendlyName="blame" enabled="True" />
      <Logger friendlyName="Console" uri="logger://microsoft/TestPlatform/ConsoleLogger/v1" assemblyQualifiedName="Microsoft.VisualStudio.TestPlatform.CommandLine.Internal.ConsoleLogger, vstest.console, Version=15.0.0.0, Culture=neutral, PublicKeyToken=b03f5f7f11d50a3a" codeBase="C:\Program Files\dotnet\sdk\7.0.400\vstest.console.dll" enabled="True" />
    </Loggers>
  </LoggerRunSettings>
  <DataCollectionRunSettings>
    <DataCollectors>
      <DataCollector friendlyName="blame" enabled="True">
        <Configuration>
          <ResultsDirectory>C:\Cursos\CSharp\Rocktseat\Rocktseat_Auction\Tests\UseCases.Test\bin\Debug\net7.0\fine-code-coverage\coverage-tool-output</ResultsDirectory>
        </Configuration>
      </DataCollector>
    </DataCollectors>
  </DataCollectionRunSettings>
</RunSettings>

TpTrace Verbose: 0 : 26924, 1, 2024/02/07, 21:53:03.841, 4615667800080, vstest.console.dll, TestRunRequest.ExecuteAsync: Wait for the first run request is over.
TpTrace Verbose: 0 : 26924, 1, 2024/02/07, 21:53:03.842, 4615667802483, vstest.console.dll, MulticastDelegateUtilities.SafeInvoke: TestRun.TestRunStart: Invoking callbacks was skipped because there are no subscribers.
TpTrace Verbose: 0 : 26924, 4, 2024/02/07, 21:53:03.842, 4615667805370, vstest.console.dll, MulticastDelegateUtilities.SafeInvoke: InternalTestLoggerEvents.SendTestRunStart: Invoking callback 1/1 for Microsoft.VisualStudio.TestPlatform.CommandLine.Internal.ConsoleLogger., took 0 ms.
TpTrace Verbose: 0 : 26924, 1, 2024/02/07, 21:53:03.843, 4615667812324, vstest.console.dll, ParallelProxyExecutionManager: Start execution. Total sources: 1
TpTrace Verbose: 0 : 26924, 1, 2024/02/07, 21:53:03.844, 4615667824334, vstest.console.dll, TestRequestSender is acting as server.
TpTrace Verbose: 0 : 26924, 1, 2024/02/07, 21:53:03.845, 4615667840042, vstest.console.dll, ParallelOperationManager.RunWorkInParallel: Started work on a host.
TpTrace Verbose: 0 : 26924, 1, 2024/02/07, 21:53:03.846, 4615667851708, vstest.console.dll, ProxyParallelExecutionManager: No sources available for execution.
TpTrace Information: 0 : 26924, 1, 2024/02/07, 21:53:03.847, 4615667852561, vstest.console.dll, TestRunRequest.ExecuteAsync: Started.
TpTrace Verbose: 0 : 26924, 1, 2024/02/07, 21:53:03.847, 4615667853273, vstest.console.dll, TestRunRequest.WaitForCompletion: Waiting with timeout -1.
TpTrace Verbose: 0 : 26924, 5, 2024/02/07, 21:53:03.847, 4615667853619, vstest.console.dll, DataCollectionRequestSender.InitializeCommunication : Initialize communication. 
TpTrace Information: 0 : 26924, 5, 2024/02/07, 21:53:03.858, 4615667969548, vstest.console.dll, Listening on Endpoint : 127.0.0.1:53678
TpTrace Verbose: 0 : 26924, 5, 2024/02/07, 21:53:03.864, 4615668025508, vstest.console.dll, DotnetDataCollectionLauncher: Adding  --runtimeconfig "C:\Program Files\dotnet\sdk\7.0.400\datacollector.runtimeconfig.json" in args
TpTrace Verbose: 0 : 26924, 5, 2024/02/07, 21:53:03.864, 4615668026727, vstest.console.dll, DotnetDataCollectionLauncher: Adding  --depsfile "C:\Program Files\dotnet\sdk\7.0.400\datacollector.deps.json" in args
TpTrace Verbose: 0 : 26924, 5, 2024/02/07, 21:53:03.864, 4615668028167, vstest.console.dll, DotnetDataCollectionLauncher: Full path of dotnet.exe is C:\Program Files\dotnet\dotnet.exe
TpTrace Information: 0 : 26924, 5, 2024/02/07, 21:53:03.878, 4615668168091, vstest.console.dll, ProxyDataCollectionManager.Initialize: Launched datacollector processId: 31364 port: 53678
TpTrace Information: 0 : 26924, 5, 2024/02/07, 21:53:03.878, 4615668170161, vstest.console.dll, ProxyDataCollectionManager.Initialize: waiting for connection with timeout: 90 seconds
TpTrace Verbose: 0 : 26924, 5, 2024/02/07, 21:53:03.878, 4615668171024, vstest.console.dll, DataCollectionRequestSender.WaitForRequestHandlerConnection : Waiting for connection with timeout: 90000
TpTrace Information: 0 : 26924, 7, 2024/02/07, 21:53:04.121, 4615670599386, vstest.console.dll, Using the buffer size of 16384 bytes
TpTrace Verbose: 0 : 26924, 5, 2024/02/07, 21:53:04.121, 4615670599589, vstest.console.dll, SocketCommunicationManager.WaitForClientConnection took: 242 ms, with 90000 ms timeout, and finished with True.
TpTrace Information: 0 : 26924, 7, 2024/02/07, 21:53:04.122, 4615670602181, vstest.console.dll, Accepted Client request and set the flag
TpTrace Verbose: 0 : 26924, 5, 2024/02/07, 21:53:04.122, 4615670604228, vstest.console.dll, ProxyDataCollectionManager.InvokeDataCollectionServiceAction: Starting.
TpTrace Information: 0 : 26924, 5, 2024/02/07, 21:53:04.122, 4615670605472, vstest.console.dll, ProxyDataCollectionManager.BeforeTestRunStart: Get environment variable and port for datacollector processId: 31364 port: 53678
TpTrace Verbose: 0 : 26924, 5, 2024/02/07, 21:53:04.122, 4615670611335, vstest.console.dll, DataCollectionRequestSender.SendBeforeTestRunStartAndGetResult: Send BeforeTestRunStart message with settingsXml <RunSettings><RunConfiguration><ResultsDirectory>C:\Cursos\CSharp\Rocktseat\Rocktseat_Auction\Tests\UseCases.Test\bin\Debug\net7.0\fine-code-coverage\coverage-tool-output</ResultsDirectory><TargetPlatform>X64</TargetPlatform><TargetFrameworkVersion>.NETCoreApp,Version=v7.0</TargetFrameworkVersion><DesignMode>False</DesignMode><CollectSourceInformation>False</CollectSourceInformation><TestAdaptersPaths>C:\Program Files\dotnet\sdk\7.0.400\Extensions</TestAdaptersPaths></RunConfiguration><LoggerRunSettings><Loggers><Logger friendlyName="blame" enabled="True" /><Logger friendlyName="Console" uri="logger://microsoft/TestPlatform/ConsoleLogger/v1" assemblyQualifiedName="Microsoft.VisualStudio.TestPlatform.CommandLine.Internal.ConsoleLogger, vstest.console, Version=15.0.0.0, Culture=neutral, PublicKeyToken=b03f5f7f11d50a3a" codeBase="C:\Program Files\dotnet\sdk\7.0.400\vstest.console.dll" enabled="True" /></Loggers></LoggerRunSettings><DataCollectionRunSettings><DataCollectors><DataCollector friendlyName="blame" enabled="True"><Configuration><ResultsDirectory>C:\Cursos\CSharp\Rocktseat\Rocktseat_Auction\Tests\UseCases.Test\bin\Debug\net7.0\fine-code-coverage\coverage-tool-output</ResultsDirectory></Configuration></DataCollector></DataCollectors></DataCollectionRunSettings></RunSettings> and sources System.Collections.Generic.List`1[System.String]: 
TpTrace Verbose: 0 : 26924, 5, 2024/02/07, 21:53:04.230, 4615671683113, vstest.console.dll, DataCollectionRequestSender.SendBeforeTestRunStartAndGetResult: Received message: (DataCollection.SendMessage) -> {"MessageType":"DataCollection.SendMessage","Payload":{"FriendlyName":null,"Uri":null,"TestCaseId":"00000000-0000-0000-0000-000000000000","Message":"Logging DataCollector Diagnostics in file: C:\\Cursos\\CSharp\\Rocktseat\\Rocktseat_Auction\\Tests\\UseCases.Test\\bin\\Debug\\net7.0\\fine-code-coverage\\coverage-tool-output\\diagnostics.datacollector.24-02-07_21-53-03_86418_5.log","Level":0}}
TpTrace Verbose: 0 : 26924, 5, 2024/02/07, 21:53:04.330, 4615672690917, vstest.console.dll, DataCollectionRequestSender.SendBeforeTestRunStartAndGetResult: Received message: (DataCollection.BeforeTestRunStartResult) -> {"MessageType":"DataCollection.BeforeTestRunStartResult","Payload":{"EnvironmentVariables":{},"DataCollectionEventsPort":53680}}
TpTrace Information: 0 : 26924, 5, 2024/02/07, 21:53:04.334, 4615672729238, vstest.console.dll, ProxyDataCollectionManager.BeforeTestRunStart: SendBeforeTestRunStartAndGetResult successful, env variable from datacollector:   and testhost port: 53680
TpTrace Information: 0 : 26924, 5, 2024/02/07, 21:53:04.334, 4615672731274, vstest.console.dll, ProxyDataCollectionManager.InvokeDataCollectionServiceAction: Completed.
TpTrace Verbose: 0 : 26924, 5, 2024/02/07, 21:53:04.335, 4615672732381, vstest.console.dll, ProxyExecutionManager: Test host is always Lazy initialize.
TpTrace Verbose: 0 : 26924, 5, 2024/02/07, 21:53:04.335, 4615672735178, vstest.console.dll, TestRequestSender.InitializeCommunication: initialize communication. 
TpTrace Information: 0 : 26924, 5, 2024/02/07, 21:53:04.336, 4615672749037, vstest.console.dll, SocketServer.Start: Listening on endpoint : 127.0.0.1:53681
TpTrace Verbose: 0 : 26924, 5, 2024/02/07, 21:53:04.337, 4615672757419, vstest.console.dll, DotnetTestHostmanager.GetTestHostProcessStartInfo: Platform environment 'X64' target architecture 'X64' framework '.NETCoreApp,Version=v7.0' OS 'Windows'
TpTrace Verbose: 0 : 26924, 5, 2024/02/07, 21:53:04.337, 4615672759610, vstest.console.dll, DotnetTestHostmanager: Adding  --runtimeconfig "C:\Cursos\CSharp\Rocktseat\Rocktseat_Auction\Tests\UseCases.Test\bin\Debug\net7.0\fine-code-coverage\build-output\UseCases.Test.runtimeconfig.json" in args
TpTrace Verbose: 0 : 26924, 5, 2024/02/07, 21:53:04.337, 4615672760668, vstest.console.dll, DotnetTestHostmanager: Adding  --depsfile "C:\Cursos\CSharp\Rocktseat\Rocktseat_Auction\Tests\UseCases.Test\bin\Debug\net7.0\fine-code-coverage\build-output\UseCases.Test.deps.json" in args
TpTrace Verbose: 0 : 26924, 5, 2024/02/07, 21:53:04.338, 4615672763085, vstest.console.dll, DotnetTestHostmanager.IsWinOnArm: Current PROCESSOR_ARCHITECTURE from environment variable 'AMD64'
TpTrace Verbose: 0 : 26924, 5, 2024/02/07, 21:53:04.338, 4615672763725, vstest.console.dll, DotnetTestHostmanager.IsWinOnArm: Is Windows on ARM 'False'
TpTrace Verbose: 0 : 26924, 5, 2024/02/07, 21:53:04.338, 4615672765043, vstest.console.dll, DotnetTestHostManager: testhost.exe found at path: C:\Cursos\CSharp\Rocktseat\Rocktseat_Auction\Tests\UseCases.Test\bin\Debug\net7.0\fine-code-coverage\build-output\testhost.exe
TpTrace Verbose: 0 : 26924, 5, 2024/02/07, 21:53:04.338, 4615672765594, vstest.console.dll, DotnetTestHostmanager: Full path of host exe is C:\Cursos\CSharp\Rocktseat\Rocktseat_Auction\Tests\UseCases.Test\bin\Debug\net7.0\fine-code-coverage\build-output\testhost.exe
TpTrace Verbose: 0 : 26924, 5, 2024/02/07, 21:53:04.338, 4615672769914, vstest.console.dll, DotnetTestHostmanager.LaunchTestHostAsync: Found 'VSTEST_WINAPPHOST_DOTNET_ROOT' in env variables, value 'C:\Program Files\dotnet', forwarding to 'DOTNET_ROOT'
TpTrace Verbose: 0 : 26924, 5, 2024/02/07, 21:53:04.339, 4615672777020, vstest.console.dll, DotnetTestHostManager: Starting process 'C:\Cursos\CSharp\Rocktseat\Rocktseat_Auction\Tests\UseCases.Test\bin\Debug\net7.0\fine-code-coverage\build-output\testhost.exe' with command line ' --runtimeconfig "C:\Cursos\CSharp\Rocktseat\Rocktseat_Auction\Tests\UseCases.Test\bin\Debug\net7.0\fine-code-coverage\build-output\UseCases.Test.runtimeconfig.json" --depsfile "C:\Cursos\CSharp\Rocktseat\Rocktseat_Auction\Tests\UseCases.Test\bin\Debug\net7.0\fine-code-coverage\build-output\UseCases.Test.deps.json" --port 53681 --endpoint 127.0.0.1:053681 --role client --parentprocessid 26924 --diag "C:\Cursos\CSharp\Rocktseat\Rocktseat_Auction\Tests\UseCases.Test\bin\Debug\net7.0\fine-code-coverage\coverage-tool-output\diagnostics.host.24-02-07_21-53-04_33714_5.log" --tracelevel 4 --datacollectionport 53680 --telemetryoptedin false'
TpTrace Verbose: 0 : 26924, 5, 2024/02/07, 21:53:04.348, 4615672867899, vstest.console.dll, MulticastDelegateUtilities.SafeInvoke: HostProviderEvents.OnHostLaunched: Invoking callback 1/2 for Microsoft.VisualStudio.TestPlatform.CrossPlatEngine.Client.ProxyExecutionManagerWithDataCollection., took 1 ms.
TpTrace Verbose: 0 : 26924, 5, 2024/02/07, 21:53:04.348, 4615672870569, vstest.console.dll, Test Runtime launched
TpTrace Verbose: 0 : 26924, 5, 2024/02/07, 21:53:04.348, 4615672871551, vstest.console.dll, MulticastDelegateUtilities.SafeInvoke: HostProviderEvents.OnHostLaunched: Invoking callback 2/2 for Microsoft.VisualStudio.TestPlatform.CrossPlatEngine.Client.ProxyOperationManager., took 0 ms.
TpTrace Verbose: 0 : 26924, 5, 2024/02/07, 21:53:04.349, 4615672872752, vstest.console.dll, TestRequestSender.WaitForRequestHandlerConnection: waiting for connection with timeout: 90000.
TpTrace Verbose: 0 : 26924, 7, 2024/02/07, 21:53:04.589, 4615675274506, vstest.console.dll, MulticastDelegateUtilities.SafeInvoke: SocketServer: ClientConnected: Invoking callback 1/1 for Microsoft.VisualStudio.TestPlatform.CommunicationUtilities.TestRequestSender., took 0 ms.
TpTrace Verbose: 0 : 26924, 5, 2024/02/07, 21:53:04.589, 4615675274506, vstest.console.dll, TestRequestSender.WaitForRequestHandlerConnection: waiting took 240 ms, with timeout 90000 ms, and result 0, which is success.
TpTrace Verbose: 0 : 26924, 7, 2024/02/07, 21:53:04.589, 4615675276173, vstest.console.dll, SocketServer.OnClientConnected: Client connected for endPoint: 127.0.0.1:53681, starting MessageLoopAsync:
TpTrace Verbose: 0 : 26924, 7, 2024/02/07, 21:53:04.589, 4615675280338, vstest.console.dll, TcpClientExtensions.MessageLoopAsync: Polling on remoteEndPoint: 127.0.0.1:53682 localEndPoint: 127.0.0.1:53681
TpTrace Verbose: 0 : 26924, 5, 2024/02/07, 21:53:04.590, 4615675287084, vstest.console.dll, TestRequestSender.CheckVersionWithTestHost: Sending check version message: {"MessageType":"ProtocolVersion","Payload":7}
TpTrace Verbose: 0 : 26924, 7, 2024/02/07, 21:53:04.707, 4615676454545, vstest.console.dll, TcpClientExtensions.MessageLoopAsync: NotifyDataAvailable remoteEndPoint: 127.0.0.1:53682 localEndPoint: 127.0.0.1:53681
TpTrace Verbose: 0 : 26924, 7, 2024/02/07, 21:53:04.707, 4615676456889, vstest.console.dll, TestRequestSender.CheckVersionWithTestHost: onMessageReceived received message: (ProtocolVersion) -> {"MessageType":"ProtocolVersion","Payload":7}
TpTrace Verbose: 0 : 26924, 7, 2024/02/07, 21:53:04.708, 4615676461965, vstest.console.dll, MulticastDelegateUtilities.SafeInvoke: LengthPrefixCommunicationChannel: MessageReceived: Invoking callback 1/1 for Microsoft.VisualStudio.TestPlatform.CommunicationUtilities.TestRequestSender+<>c__DisplayClass29_0., took 0 ms.
TpTrace Verbose: 0 : 26924, 5, 2024/02/07, 21:53:04.708, 4615676462612, vstest.console.dll, TestPluginCache.GetExtensionPaths: Filtered extension paths: 
TpTrace Verbose: 0 : 26924, 7, 2024/02/07, 21:53:04.708, 4615676462876, vstest.console.dll, TcpClientExtensions.MessageLoopAsync: Polling on remoteEndPoint: 127.0.0.1:53682 localEndPoint: 127.0.0.1:53681
TpTrace Verbose: 0 : 26924, 5, 2024/02/07, 21:53:04.708, 4615676463426, vstest.console.dll, TestPluginCache.GetExtensionPaths: Added default extension paths: C:\Program Files\dotnet\sdk\7.0.400\Extensions\Microsoft.Diagnostics.NETCore.Client.dll
C:\Program Files\dotnet\sdk\7.0.400\Extensions\Microsoft.TestPlatform.Extensions.BlameDataCollector.dll
C:\Program Files\dotnet\sdk\7.0.400\Extensions\Microsoft.TestPlatform.Extensions.EventLogCollector.dll
C:\Program Files\dotnet\sdk\7.0.400\Extensions\Microsoft.TestPlatform.TestHostRuntimeProvider.dll
C:\Program Files\dotnet\sdk\7.0.400\Extensions\Microsoft.VisualStudio.TestPlatform.Extensions.Html.TestLogger.dll
C:\Program Files\dotnet\sdk\7.0.400\Extensions\Microsoft.VisualStudio.TestPlatform.Extensions.Trx.TestLogger.dll
TpTrace Verbose: 0 : 26924, 5, 2024/02/07, 21:53:04.708, 4615676463851, vstest.console.dll, TestPluginCache.GetExtensionPaths: Added unfilterableExtensionPaths: 
TpTrace Verbose: 0 : 26924, 5, 2024/02/07, 21:53:04.710, 4615676487543, vstest.console.dll, TestRequestSender.InitializeExecution: Sending initialize execution with message: {"Version":7,"MessageType":"TestExecution.Initialize","Payload":["C:\\Cursos\\CSharp\\Rocktseat\\Rocktseat_Auction\\Tests\\UseCases.Test\\bin\\Debug\\net7.0\\fine-code-coverage\\build-output\\xunit.runner.visualstudio.dotnetcore.testadapter.dll"]}
TpTrace Verbose: 0 : 26924, 5, 2024/02/07, 21:53:04.710, 4615676489289, vstest.console.dll, ParallelProxyExecutionManager: Execution started. Started clients: 1
TpTrace Verbose: 0 : 26924, 7, 2024/02/07, 21:53:04.711, 4615676492094, vstest.console.dll, TcpClientExtensions.MessageLoopAsync: NotifyDataAvailable remoteEndPoint: 127.0.0.1:53682 localEndPoint: 127.0.0.1:53681
TpTrace Verbose: 0 : 26924, 7, 2024/02/07, 21:53:04.711, 4615676493097, vstest.console.dll, LengthPrefixCommunicationChannel.NotifyDataAvailable: New data are waiting to be received, but there is no subscriber to be notified. Not reading them from the stream.
TpTrace Verbose: 0 : 26924, 5, 2024/02/07, 21:53:04.711, 4615676493140, vstest.console.dll, TestRunRequest:SendTestRunMessage: Starting.
TpTrace Verbose: 0 : 26924, 7, 2024/02/07, 21:53:04.711, 4615676493592, vstest.console.dll, TcpClientExtensions.MessageLoopAsync: Polling on remoteEndPoint: 127.0.0.1:53682 localEndPoint: 127.0.0.1:53681
TpTrace Verbose: 0 : 26924, 7, 2024/02/07, 21:53:04.711, 4615676495025, vstest.console.dll, TcpClientExtensions.MessageLoopAsync: NotifyDataAvailable remoteEndPoint: 127.0.0.1:53682 localEndPoint: 127.0.0.1:53681
TpTrace Verbose: 0 : 26924, 7, 2024/02/07, 21:53:04.711, 4615676495455, vstest.console.dll, LengthPrefixCommunicationChannel.NotifyDataAvailable: New data are waiting to be received, but there is no subscriber to be notified. Not reading them from the stream.
TpTrace Verbose: 0 : 26924, 5, 2024/02/07, 21:53:04.711, 4615676495607, vstest.console.dll, MulticastDelegateUtilities.SafeInvoke: TestRun.LogMessages: Invoking callback 1/1 for Microsoft.VisualStudio.TestPlatform.CommandLine.TestRunResultAggregator., took 0 ms.
TpTrace Verbose: 0 : 26924, 7, 2024/02/07, 21:53:04.711, 4615676495754, vstest.console.dll, TcpClientExtensions.MessageLoopAsync: Polling on remoteEndPoint: 127.0.0.1:53682 localEndPoint: 127.0.0.1:53681
TpTrace Verbose: 0 : 26924, 7, 2024/02/07, 21:53:04.711, 4615676497291, vstest.console.dll, TcpClientExtensions.MessageLoopAsync: NotifyDataAvailable remoteEndPoint: 127.0.0.1:53682 localEndPoint: 127.0.0.1:53681
TpTrace Verbose: 0 : 26924, 4, 2024/02/07, 21:53:04.711, 4615676497616, vstest.console.dll, MulticastDelegateUtilities.SafeInvoke: InternalTestLoggerEvents.SendTestRunMessage: Invoking callback 1/1 for Microsoft.VisualStudio.TestPlatform.CommandLine.Internal.ConsoleLogger., took 0 ms.
TpTrace Information: 0 : 26924, 5, 2024/02/07, 21:53:04.711, 4615676496509, vstest.console.dll, TestRunRequest:SendTestRunMessage: Completed.
TpTrace Verbose: 0 : 26924, 7, 2024/02/07, 21:53:04.711, 4615676499075, vstest.console.dll, LengthPrefixCommunicationChannel.NotifyDataAvailable: New data are waiting to be received, but there is no subscriber to be notified. Not reading them from the stream.
TpTrace Verbose: 0 : 26924, 7, 2024/02/07, 21:53:04.711, 4615676499480, vstest.console.dll, TcpClientExtensions.MessageLoopAsync: Polling on remoteEndPoint: 127.0.0.1:53682 localEndPoint: 127.0.0.1:53681
TpTrace Verbose: 0 : 26924, 7, 2024/02/07, 21:53:04.711, 4615676499871, vstest.console.dll, TcpClientExtensions.MessageLoopAsync: NotifyDataAvailable remoteEndPoint: 127.0.0.1:53682 localEndPoint: 127.0.0.1:53681
TpTrace Verbose: 0 : 26924, 7, 2024/02/07, 21:53:04.711, 4615676500135, vstest.console.dll, LengthPrefixCommunicationChannel.NotifyDataAvailable: New data are waiting to be received, but there is no subscriber to be notified. Not reading them from the stream.
TpTrace Verbose: 0 : 26924, 7, 2024/02/07, 21:53:04.711, 4615676500354, vstest.console.dll, TcpClientExtensions.MessageLoopAsync: Polling on remoteEndPoint: 127.0.0.1:53682 localEndPoint: 127.0.0.1:53681
TpTrace Verbose: 0 : 26924, 7, 2024/02/07, 21:53:04.711, 4615676500582, vstest.console.dll, TcpClientExtensions.MessageLoopAsync: NotifyDataAvailable remoteEndPoint: 127.0.0.1:53682 localEndPoint: 127.0.0.1:53681
TpTrace Verbose: 0 : 26924, 7, 2024/02/07, 21:53:04.711, 4615676500827, vstest.console.dll, LengthPrefixCommunicationChannel.NotifyDataAvailable: New data are waiting to be received, but there is no subscriber to be notified. Not reading them from the stream.
TpTrace Verbose: 0 : 26924, 7, 2024/02/07, 21:53:04.711, 4615676501023, vstest.console.dll, TcpClientExtensions.MessageLoopAsync: Polling on remoteEndPoint: 127.0.0.1:53682 localEndPoint: 127.0.0.1:53681
TpTrace Verbose: 0 : 26924, 7, 2024/02/07, 21:53:04.711, 4615676501287, vstest.console.dll, TcpClientExtensions.MessageLoopAsync: NotifyDataAvailable remoteEndPoint: 127.0.0.1:53682 localEndPoint: 127.0.0.1:53681
TpTrace Verbose: 0 : 26924, 7, 2024/02/07, 21:53:04.711, 4615676501483, vstest.console.dll, LengthPrefixCommunicationChannel.NotifyDataAvailable: New data are waiting to be received, but there is no subscriber to be notified. Not reading them from the stream.
TpTrace Verbose: 0 : 26924, 7, 2024/02/07, 21:53:04.711, 4615676501679, vstest.console.dll, TcpClientExtensions.MessageLoopAsync: Polling on remoteEndPoint: 127.0.0.1:53682 localEndPoint: 127.0.0.1:53681
TpTrace Verbose: 0 : 26924, 7, 2024/02/07, 21:53:04.712, 4615676501925, vstest.console.dll, TcpClientExtensions.MessageLoopAsync: NotifyDataAvailable remoteEndPoint: 127.0.0.1:53682 localEndPoint: 127.0.0.1:53681
TpTrace Verbose: 0 : 26924, 7, 2024/02/07, 21:53:04.712, 4615676502123, vstest.console.dll, LengthPrefixCommunicationChannel.NotifyDataAvailable: New data are waiting to be received, but there is no subscriber to be notified. Not reading them from the stream.
TpTrace Warning: 0 : 26924, 5, 2024/02/07, 21:53:04.712, 4615676502214, vstest.console.dll, InferRunSettingsHelper.MakeRunsettingsCompatible: Removing the following settings: TargetPlatform from RunSettings file. To use those settings please move to latest version of Microsoft.NET.Test.Sdk
TpTrace Verbose: 0 : 26924, 7, 2024/02/07, 21:53:04.712, 4615676502320, vstest.console.dll, TcpClientExtensions.MessageLoopAsync: Polling on remoteEndPoint: 127.0.0.1:53682 localEndPoint: 127.0.0.1:53681
TpTrace Verbose: 0 : 26924, 7, 2024/02/07, 21:53:04.712, 4615676503098, vstest.console.dll, TcpClientExtensions.MessageLoopAsync: NotifyDataAvailable remoteEndPoint: 127.0.0.1:53682 localEndPoint: 127.0.0.1:53681
TpTrace Verbose: 0 : 26924, 7, 2024/02/07, 21:53:04.712, 4615676503305, vstest.console.dll, LengthPrefixCommunicationChannel.NotifyDataAvailable: New data are waiting to be received, but there is no subscriber to be notified. Not reading them from the stream.
TpTrace Verbose: 0 : 26924, 7, 2024/02/07, 21:53:04.712, 4615676503502, vstest.console.dll, TcpClientExtensions.MessageLoopAsync: Polling on remoteEndPoint: 127.0.0.1:53682 localEndPoint: 127.0.0.1:53681
TpTrace Verbose: 0 : 26924, 7, 2024/02/07, 21:53:04.712, 4615676503715, vstest.console.dll, TcpClientExtensions.MessageLoopAsync: NotifyDataAvailable remoteEndPoint: 127.0.0.1:53682 localEndPoint: 127.0.0.1:53681
TpTrace Verbose: 0 : 26924, 7, 2024/02/07, 21:53:04.712, 4615676503919, vstest.console.dll, LengthPrefixCommunicationChannel.NotifyDataAvailable: New data are waiting to be received, but there is no subscriber to be notified. Not reading them from the stream.
TpTrace Verbose: 0 : 26924, 7, 2024/02/07, 21:53:04.712, 4615676504178, vstest.console.dll, TcpClientExtensions.MessageLoopAsync: Polling on remoteEndPoint: 127.0.0.1:53682 localEndPoint: 127.0.0.1:53681
TpTrace Verbose: 0 : 26924, 7, 2024/02/07, 21:53:04.712, 4615676504424, vstest.console.dll, TcpClientExtensions.MessageLoopAsync: NotifyDataAvailable remoteEndPoint: 127.0.0.1:53682 localEndPoint: 127.0.0.1:53681
TpTrace Verbose: 0 : 26924, 7, 2024/02/07, 21:53:04.712, 4615676504627, vstest.console.dll, LengthPrefixCommunicationChannel.NotifyDataAvailable: New data are waiting to be received, but there is no subscriber to be notified. Not reading them from the stream.
TpTrace Verbose: 0 : 26924, 7, 2024/02/07, 21:53:04.712, 4615676504839, vstest.console.dll, TcpClientExtensions.MessageLoopAsync: Polling on remoteEndPoint: 127.0.0.1:53682 localEndPoint: 127.0.0.1:53681
TpTrace Verbose: 0 : 26924, 7, 2024/02/07, 21:53:04.712, 4615676505052, vstest.console.dll, TcpClientExtensions.MessageLoopAsync: NotifyDataAvailable remoteEndPoint: 127.0.0.1:53682 localEndPoint: 127.0.0.1:53681
TpTrace Verbose: 0 : 26924, 7, 2024/02/07, 21:53:04.712, 4615676505268, vstest.console.dll, LengthPrefixCommunicationChannel.NotifyDataAvailable: New data are waiting to be received, but there is no subscriber to be notified. Not reading them from the stream.
TpTrace Verbose: 0 : 26924, 7, 2024/02/07, 21:53:04.712, 4615676505480, vstest.console.dll, TcpClientExtensions.MessageLoopAsync: Polling on remoteEndPoint: 127.0.0.1:53682 localEndPoint: 127.0.0.1:53681
TpTrace Verbose: 0 : 26924, 7, 2024/02/07, 21:53:04.712, 4615676505692, vstest.console.dll, TcpClientExtensions.MessageLoopAsync: NotifyDataAvailable remoteEndPoint: 127.0.0.1:53682 localEndPoint: 127.0.0.1:53681
TpTrace Verbose: 0 : 26924, 7, 2024/02/07, 21:53:04.712, 4615676507236, vstest.console.dll, TestRequestSender.OnExecutionMessageReceived: Received message: {"Version":7,"MessageType":"TestSession.Message","Payload":{"MessageLevel":0,"Message":"Logging TestHost Diagnostics in file: C:\\Cursos\\CSharp\\Rocktseat\\Rocktseat_Auction\\Tests\\UseCases.Test\\bin\\Debug\\net7.0\\fine-code-coverage\\coverage-tool-output\\diagnostics.host.24-02-07_21-53-04_33714_5.log"}}
TpTrace Verbose: 0 : 26924, 7, 2024/02/07, 21:53:04.714, 4615676523369, vstest.console.dll, TestRunRequest:SendTestRunMessage: Starting.
TpTrace Verbose: 0 : 26924, 7, 2024/02/07, 21:53:04.714, 4615676524575, vstest.console.dll, MulticastDelegateUtilities.SafeInvoke: TestRun.LogMessages: Invoking callback 1/1 for Microsoft.VisualStudio.TestPlatform.CommandLine.TestRunResultAggregator., took 0 ms.
TpTrace Verbose: 0 : 26924, 4, 2024/02/07, 21:53:04.714, 4615676524831, vstest.console.dll, MulticastDelegateUtilities.SafeInvoke: InternalTestLoggerEvents.SendTestRunMessage: Invoking callback 1/1 for Microsoft.VisualStudio.TestPlatform.CommandLine.Internal.ConsoleLogger., took 0 ms.
TpTrace Information: 0 : 26924, 7, 2024/02/07, 21:53:04.714, 4615676524934, vstest.console.dll, TestRunRequest:SendTestRunMessage: Completed.
TpTrace Verbose: 0 : 26924, 7, 2024/02/07, 21:53:04.714, 4615676526121, vstest.console.dll, MulticastDelegateUtilities.SafeInvoke: LengthPrefixCommunicationChannel: MessageReceived: Invoking callback 1/1 for Microsoft.VisualStudio.TestPlatform.CommunicationUtilities.TestRequestSender+<>c__DisplayClass34_0., took 2 ms.
TpTrace Verbose: 0 : 26924, 7, 2024/02/07, 21:53:04.714, 4615676526376, vstest.console.dll, TcpClientExtensions.MessageLoopAsync: Polling on remoteEndPoint: 127.0.0.1:53682 localEndPoint: 127.0.0.1:53681
TpTrace Verbose: 0 : 26924, 5, 2024/02/07, 21:53:04.716, 4615676550737, vstest.console.dll, TestRequestSender.StartTestRun: Sending test run with message: {"Version":7,"MessageType":"TestExecution.StartWithSources","Payload":{"AdapterSourceMap":{"_none_":["C:\\Cursos\\CSharp\\Rocktseat\\Rocktseat_Auction\\Tests\\UseCases.Test\\bin\\Debug\\net7.0\\fine-code-coverage\\build-output\\UseCases.Test.dll"]},"RunSettings":"<RunSettings>\r\n  <RunConfiguration>\r\n    <ResultsDirectory>C:\\Cursos\\CSharp\\Rocktseat\\Rocktseat_Auction\\Tests\\UseCases.Test\\bin\\Debug\\net7.0\\fine-code-coverage\\coverage-tool-output</ResultsDirectory>\r\n    <TargetFrameworkVersion>.NETCoreApp,Version=v7.0</TargetFrameworkVersion>\r\n    <DesignMode>False</DesignMode>\r\n    <CollectSourceInformation>False</CollectSourceInformation>\r\n  </RunConfiguration>\r\n  <LoggerRunSettings>\r\n    <Loggers>\r\n      <Logger friendlyName=\"blame\" enabled=\"True\" />\r\n      <Logger friendlyName=\"Console\" uri=\"logger://microsoft/TestPlatform/ConsoleLogger/v1\" assemblyQualifiedName=\"Microsoft.VisualStudio.TestPlatform.CommandLine.Internal.ConsoleLogger, vstest.console, Version=15.0.0.0, Culture=neutral, PublicKeyToken=b03f5f7f11d50a3a\" codeBase=\"C:\\Program Files\\dotnet\\sdk\\7.0.400\\vstest.console.dll\" enabled=\"True\" />\r\n    </Loggers>\r\n  </LoggerRunSettings>\r\n  <DataCollectionRunSettings>\r\n    <DataCollectors>\r\n      <DataCollector friendlyName=\"blame\" enabled=\"True\">\r\n        <Configuration>\r\n          <ResultsDirectory>C:\\Cursos\\CSharp\\Rocktseat\\Rocktseat_Auction\\Tests\\UseCases.Test\\bin\\Debug\\net7.0\\fine-code-coverage\\coverage-tool-output</ResultsDirectory>\r\n        </Configuration>\r\n      </DataCollector>\r\n    </DataCollectors>\r\n  </DataCollectionRunSettings>\r\n</RunSettings>","TestExecutionContext":{"FrequencyOfRunStatsChangeEvent":10,"RunStatsChangeEventTimeout":"00:00:01.5000000","InIsolation":false,"KeepAlive":false,"AreTestCaseLevelEventsRequired":false,"IsDebug":false,"TestCaseFilter":null,"FilterOptions":null},"Package":null}}
TpTrace Verbose: 0 : 26924, 7, 2024/02/07, 21:53:04.829, 4615677679919, vstest.console.dll, TcpClientExtensions.MessageLoopAsync: NotifyDataAvailable remoteEndPoint: 127.0.0.1:53682 localEndPoint: 127.0.0.1:53681
TpTrace Verbose: 0 : 26924, 7, 2024/02/07, 21:53:04.829, 4615677681616, vstest.console.dll, TestRequestSender.OnExecutionMessageReceived: Received message: {"Version":7,"MessageType":"TestSession.Message","Payload":{"MessageLevel":0,"Message":"[xUnit.net 00:00:00.00] xUnit.net VSTest Adapter v2.4.5+1caef2f33e (64-bit .NET 7.0.10)"}}
TpTrace Verbose: 0 : 26924, 7, 2024/02/07, 21:53:04.830, 4615677683780, vstest.console.dll, TestRunRequest:SendTestRunMessage: Starting.
TpTrace Verbose: 0 : 26924, 7, 2024/02/07, 21:53:04.830, 4615677684381, vstest.console.dll, MulticastDelegateUtilities.SafeInvoke: TestRun.LogMessages: Invoking callback 1/1 for Microsoft.VisualStudio.TestPlatform.CommandLine.TestRunResultAggregator., took 0 ms.
TpTrace Information: 0 : 26924, 7, 2024/02/07, 21:53:04.830, 4615677684635, vstest.console.dll, TestRunRequest:SendTestRunMessage: Completed.
TpTrace Verbose: 0 : 26924, 4, 2024/02/07, 21:53:04.830, 4615677684824, vstest.console.dll, MulticastDelegateUtilities.SafeInvoke: InternalTestLoggerEvents.SendTestRunMessage: Invoking callback 1/1 for Microsoft.VisualStudio.TestPlatform.CommandLine.Internal.ConsoleLogger., took 0 ms.
TpTrace Verbose: 0 : 26924, 7, 2024/02/07, 21:53:04.830, 4615677684883, vstest.console.dll, MulticastDelegateUtilities.SafeInvoke: LengthPrefixCommunicationChannel: MessageReceived: Invoking callback 1/1 for Microsoft.VisualStudio.TestPlatform.CommunicationUtilities.TestRequestSender+<>c__DisplayClass34_0., took 0 ms.
TpTrace Verbose: 0 : 26924, 7, 2024/02/07, 21:53:04.830, 4615677686451, vstest.console.dll, TcpClientExtensions.MessageLoopAsync: Polling on remoteEndPoint: 127.0.0.1:53682 localEndPoint: 127.0.0.1:53681
TpTrace Verbose: 0 : 26924, 7, 2024/02/07, 21:53:05.836, 4615687743226, vstest.console.dll, TcpClientExtensions.MessageLoopAsync: Polling on remoteEndPoint: 127.0.0.1:53682 localEndPoint: 127.0.0.1:53681
TpTrace Verbose: 0 : 26924, 7, 2024/02/07, 21:53:05.899, 4615688374761, vstest.console.dll, TcpClientExtensions.MessageLoopAsync: NotifyDataAvailable remoteEndPoint: 127.0.0.1:53682 localEndPoint: 127.0.0.1:53681
TpTrace Verbose: 0 : 26924, 7, 2024/02/07, 21:53:05.899, 4615688377507, vstest.console.dll, TestRequestSender.OnExecutionMessageReceived: Received message: {"Version":7,"MessageType":"TestSession.Message","Payload":{"MessageLevel":0,"Message":"[xUnit.net 00:00:01.07]   Discovering: UseCases.Test"}}
TpTrace Verbose: 0 : 26924, 7, 2024/02/07, 21:53:05.899, 4615688378811, vstest.console.dll, TestRunRequest:SendTestRunMessage: Starting.
TpTrace Verbose: 0 : 26924, 7, 2024/02/07, 21:53:05.899, 4615688379341, vstest.console.dll, MulticastDelegateUtilities.SafeInvoke: TestRun.LogMessages: Invoking callback 1/1 for Microsoft.VisualStudio.TestPlatform.CommandLine.TestRunResultAggregator., took 0 ms.
TpTrace Information: 0 : 26924, 7, 2024/02/07, 21:53:05.899, 4615688379562, vstest.console.dll, TestRunRequest:SendTestRunMessage: Completed.
TpTrace Verbose: 0 : 26924, 4, 2024/02/07, 21:53:05.899, 4615688379687, vstest.console.dll, MulticastDelegateUtilities.SafeInvoke: InternalTestLoggerEvents.SendTestRunMessage: Invoking callback 1/1 for Microsoft.VisualStudio.TestPlatform.CommandLine.Internal.ConsoleLogger., took 0 ms.
TpTrace Verbose: 0 : 26924, 7, 2024/02/07, 21:53:05.899, 4615688379794, vstest.console.dll, MulticastDelegateUtilities.SafeInvoke: LengthPrefixCommunicationChannel: MessageReceived: Invoking callback 1/1 for Microsoft.VisualStudio.TestPlatform.CommunicationUtilities.TestRequestSender+<>c__DisplayClass34_0., took 0 ms.
TpTrace Verbose: 0 : 26924, 7, 2024/02/07, 21:53:05.899, 4615688380774, vstest.console.dll, TcpClientExtensions.MessageLoopAsync: Polling on remoteEndPoint: 127.0.0.1:53682 localEndPoint: 127.0.0.1:53681
TpTrace Verbose: 0 : 26924, 7, 2024/02/07, 21:53:05.936, 4615688751568, vstest.console.dll, TcpClientExtensions.MessageLoopAsync: NotifyDataAvailable remoteEndPoint: 127.0.0.1:53682 localEndPoint: 127.0.0.1:53681
TpTrace Verbose: 0 : 26924, 7, 2024/02/07, 21:53:05.937, 4615688753898, vstest.console.dll, TestRequestSender.OnExecutionMessageReceived: Received message: {"Version":7,"MessageType":"TestSession.Message","Payload":{"MessageLevel":0,"Message":"[xUnit.net 00:00:01.10]   Discovered:  UseCases.Test"}}
TpTrace Verbose: 0 : 26924, 7, 2024/02/07, 21:53:05.937, 4615688756472, vstest.console.dll, TestRunRequest:SendTestRunMessage: Starting.
TpTrace Verbose: 0 : 26924, 7, 2024/02/07, 21:53:05.937, 4615688757429, vstest.console.dll, MulticastDelegateUtilities.SafeInvoke: TestRun.LogMessages: Invoking callback 1/1 for Microsoft.VisualStudio.TestPlatform.CommandLine.TestRunResultAggregator., took 0 ms.
TpTrace Information: 0 : 26924, 7, 2024/02/07, 21:53:05.937, 4615688757869, vstest.console.dll, TestRunRequest:SendTestRunMessage: Completed.
TpTrace Verbose: 0 : 26924, 4, 2024/02/07, 21:53:05.937, 4615688757616, vstest.console.dll, MulticastDelegateUtilities.SafeInvoke: InternalTestLoggerEvents.SendTestRunMessage: Invoking callback 1/1 for Microsoft.VisualStudio.TestPlatform.CommandLine.Internal.ConsoleLogger., took 0 ms.
TpTrace Verbose: 0 : 26924, 7, 2024/02/07, 21:53:05.937, 4615688758519, vstest.console.dll, MulticastDelegateUtilities.SafeInvoke: LengthPrefixCommunicationChannel: MessageReceived: Invoking callback 1/1 for Microsoft.VisualStudio.TestPlatform.CommunicationUtilities.TestRequestSender+<>c__DisplayClass34_0., took 0 ms.
TpTrace Verbose: 0 : 26924, 7, 2024/02/07, 21:53:05.937, 4615688760416, vstest.console.dll, TcpClientExtensions.MessageLoopAsync: Polling on remoteEndPoint: 127.0.0.1:53682 localEndPoint: 127.0.0.1:53681
TpTrace Verbose: 0 : 26924, 7, 2024/02/07, 21:53:05.941, 4615688793669, vstest.console.dll, TcpClientExtensions.MessageLoopAsync: NotifyDataAvailable remoteEndPoint: 127.0.0.1:53682 localEndPoint: 127.0.0.1:53681
TpTrace Verbose: 0 : 26924, 7, 2024/02/07, 21:53:05.941, 4615688797330, vstest.console.dll, TestRequestSender.OnExecutionMessageReceived: Received message: {"Version":7,"MessageType":"TestSession.Message","Payload":{"MessageLevel":0,"Message":"[xUnit.net 00:00:01.11]   Starting:    UseCases.Test"}}
TpTrace Verbose: 0 : 26924, 7, 2024/02/07, 21:53:05.941, 4615688799434, vstest.console.dll, TestRunRequest:SendTestRunMessage: Starting.
TpTrace Verbose: 0 : 26924, 7, 2024/02/07, 21:53:05.941, 4615688799898, vstest.console.dll, MulticastDelegateUtilities.SafeInvoke: TestRun.LogMessages: Invoking callback 1/1 for Microsoft.VisualStudio.TestPlatform.CommandLine.TestRunResultAggregator., took 0 ms.
TpTrace Information: 0 : 26924, 7, 2024/02/07, 21:53:05.941, 4615688800124, vstest.console.dll, TestRunRequest:SendTestRunMessage: Completed.
TpTrace Verbose: 0 : 26924, 4, 2024/02/07, 21:53:05.941, 4615688800262, vstest.console.dll, MulticastDelegateUtilities.SafeInvoke: InternalTestLoggerEvents.SendTestRunMessage: Invoking callback 1/1 for Microsoft.VisualStudio.TestPlatform.CommandLine.Internal.ConsoleLogger., took 0 ms.
TpTrace Verbose: 0 : 26924, 7, 2024/02/07, 21:53:05.941, 4615688800353, vstest.console.dll, MulticastDelegateUtilities.SafeInvoke: LengthPrefixCommunicationChannel: MessageReceived: Invoking callback 1/1 for Microsoft.VisualStudio.TestPlatform.CommunicationUtilities.TestRequestSender+<>c__DisplayClass34_0., took 0 ms.
TpTrace Verbose: 0 : 26924, 7, 2024/02/07, 21:53:05.941, 4615688801584, vstest.console.dll, TcpClientExtensions.MessageLoopAsync: Polling on remoteEndPoint: 127.0.0.1:53682 localEndPoint: 127.0.0.1:53681
TpTrace Verbose: 0 : 26924, 7, 2024/02/07, 21:53:06.137, 4615690754800, vstest.console.dll, TcpClientExtensions.MessageLoopAsync: NotifyDataAvailable remoteEndPoint: 127.0.0.1:53682 localEndPoint: 127.0.0.1:53681
TpTrace Verbose: 0 : 26924, 7, 2024/02/07, 21:53:06.137, 4615690756579, vstest.console.dll, TestRequestSender.OnExecutionMessageReceived: Received message: {"Version":7,"MessageType":"TestSession.Message","Payload":{"MessageLevel":0,"Message":"[xUnit.net 00:00:01.30]   Finished:    UseCases.Test"}}
TpTrace Verbose: 0 : 26924, 7, 2024/02/07, 21:53:06.137, 4615690757842, vstest.console.dll, TestRunRequest:SendTestRunMessage: Starting.
TpTrace Verbose: 0 : 26924, 7, 2024/02/07, 21:53:06.137, 4615690758338, vstest.console.dll, MulticastDelegateUtilities.SafeInvoke: TestRun.LogMessages: Invoking callback 1/1 for Microsoft.VisualStudio.TestPlatform.CommandLine.TestRunResultAggregator., took 0 ms.
TpTrace Information: 0 : 26924, 7, 2024/02/07, 21:53:06.137, 4615690758555, vstest.console.dll, TestRunRequest:SendTestRunMessage: Completed.
TpTrace Verbose: 0 : 26924, 4, 2024/02/07, 21:53:06.137, 4615690758625, vstest.console.dll, MulticastDelegateUtilities.SafeInvoke: InternalTestLoggerEvents.SendTestRunMessage: Invoking callback 1/1 for Microsoft.VisualStudio.TestPlatform.CommandLine.Internal.ConsoleLogger., took 0 ms.
TpTrace Verbose: 0 : 26924, 7, 2024/02/07, 21:53:06.137, 4615690758749, vstest.console.dll, MulticastDelegateUtilities.SafeInvoke: LengthPrefixCommunicationChannel: MessageReceived: Invoking callback 1/1 for Microsoft.VisualStudio.TestPlatform.CommunicationUtilities.TestRequestSender+<>c__DisplayClass34_0., took 0 ms.
TpTrace Verbose: 0 : 26924, 7, 2024/02/07, 21:53:06.137, 4615690760244, vstest.console.dll, TcpClientExtensions.MessageLoopAsync: Polling on remoteEndPoint: 127.0.0.1:53682 localEndPoint: 127.0.0.1:53681
TpTrace Verbose: 0 : 26924, 7, 2024/02/07, 21:53:06.176, 4615691144299, vstest.console.dll, TcpClientExtensions.MessageLoopAsync: NotifyDataAvailable remoteEndPoint: 127.0.0.1:53682 localEndPoint: 127.0.0.1:53681
TpTrace Verbose: 0 : 26924, 7, 2024/02/07, 21:53:06.176, 4615691147805, vstest.console.dll, TestRequestSender.OnExecutionMessageReceived: Received message: {"Version":7,"MessageType":"TestExecution.Completed","Payload":{"TestRunCompleteArgs":{"TestRunStatistics":{"ExecutedTests":4,"Stats":{"Passed":4}},"IsCanceled":false,"IsAborted":false,"Error":null,"AttachmentSets":[],"InvokedDataCollectors":[],"ElapsedTimeInRunningTests":"00:00:01.3241546","Metrics":{},"DiscoveredExtensions":{"TestDiscoverers":["Xunit.Runner.VisualStudio.VsTestRunner, xunit.runner.visualstudio.dotnetcore.testadapter, Version=2.4.0.0, Culture=neutral, PublicKeyToken=8d05b1bb7a6fdb6c"],"TestExecutors":["executor://xunit/VsTestRunner2/netcoreapp"],"TestExecutors2":[],"TestSettingsProviders":[]}},"LastRunTests":{"NewTestResults":[{"TestCase":{"Id":"64508a8b-4683-7d64-70de-c44523077e84","FullyQualifiedName":"UseCases.Test.Offer.CreateOffer.CreateOfferUseCaseTests.Execute_Success","DisplayName":"UseCases.Test.Offer.CreateOffer.CreateOfferUseCaseTests.Execute_Success(itemId: 1)","ExecutorUri":"executor://xunit/VsTestRunner2/netcoreapp","Source":"C:\\Cursos\\CSharp\\Rocktseat\\Rocktseat_Auction\\Tests\\UseCases.Test\\bin\\Debug\\net7.0\\fine-code-coverage\\build-output\\UseCases.Test.dll","CodeFilePath":null,"LineNumber":0,"Properties":[]},"Attachments":[],"Outcome":1,"ErrorMessage":null,"ErrorStackTrace":null,"DisplayName":"UseCases.Test.Offer.CreateOffer.CreateOfferUseCaseTests.Execute_Success(itemId: 1)","Messages":[],"ComputerName":"BHN050104432","Duration":"00:00:00.1138027","StartTime":"2024-02-08T00:53:06.1051576+00:00","EndTime":"2024-02-08T00:53:06.1052098+00:00","Properties":[]},{"TestCase":{"Id":"bdea0a65-e6e8-18a6-a7aa-8c959d8cf653","FullyQualifiedName":"UseCases.Test.Auction.GetCurrent.GetCurrentAcutionUseCaseTests.Execute_Success","DisplayName":"UseCases.Test.Auction.GetCurrent.GetCurrentAcutionUseCaseTests.Execute_Success","ExecutorUri":"executor://xunit/VsTestRunner2/netcoreapp","Source":"C:\\Cursos\\CSharp\\Rocktseat\\Rocktseat_Auction\\Tests\\UseCases.Test\\bin\\Debug\\net7.0\\fine-code-coverage\\build-output\\UseCases.Test.dll","CodeFilePath":null,"LineNumber":0,"Properties":[]},"Attachments":[],"Outcome":1,"ErrorMessage":null,"ErrorStackTrace":null,"DisplayName":"UseCases.Test.Auction.GetCurrent.GetCurrentAcutionUseCaseTests.Execute_Success","Messages":[],"ComputerName":"BHN050104432","Duration":"00:00:00.1139067","StartTime":"2024-02-08T00:53:06.1279519+00:00","EndTime":"2024-02-08T00:53:06.1279519+00:00","Properties":[]},{"TestCase":{"Id":"fec4ca38-6242-2585-e7c1-6ee690791474","FullyQualifiedName":"UseCases.Test.Offer.CreateOffer.CreateOfferUseCaseTests.Execute_Success","DisplayName":"UseCases.Test.Offer.CreateOffer.CreateOfferUseCaseTests.Execute_Success(itemId: 2)","ExecutorUri":"executor://xunit/VsTestRunner2/netcoreapp","Source":"C:\\Cursos\\CSharp\\Rocktseat\\Rocktseat_Auction\\Tests\\UseCases.Test\\bin\\Debug\\net7.0\\fine-code-coverage\\build-output\\UseCases.Test.dll","CodeFilePath":null,"LineNumber":0,"Properties":[]},"Attachments":[],"Outcome":1,"ErrorMessage":null,"ErrorStackTrace":null,"DisplayName":"UseCases.Test.Offer.CreateOffer.CreateOfferUseCaseTests.Execute_Success(itemId: 2)","Messages":[],"ComputerName":"BHN050104432","Duration":"00:00:00.0091299","StartTime":"2024-02-08T00:53:06.1315096+00:00","EndTime":"2024-02-08T00:53:06.1315098+00:00","Properties":[]},{"TestCase":{"Id":"e8d48b21-37c8-7819-cf92-5fd027f1360a","FullyQualifiedName":"UseCases.Test.Offer.CreateOffer.CreateOfferUseCaseTests.Execute_Success","DisplayName":"UseCases.Test.Offer.CreateOffer.CreateOfferUseCaseTests.Execute_Success(itemId: 3)","ExecutorUri":"executor://xunit/VsTestRunner2/netcoreapp","Source":"C:\\Cursos\\CSharp\\Rocktseat\\Rocktseat_Auction\\Tests\\UseCases.Test\\bin\\Debug\\net7.0\\fine-code-coverage\\build-output\\UseCases.Test.dll","CodeFilePath":null,"LineNumber":0,"Properties":[]},"Attachments":[],"Outcome":1,"ErrorMessage":null,"ErrorStackTrace":null,"DisplayName":"UseCases.Test.Offer.CreateOffer.CreateOfferUseCaseTests.Execute_Success(itemId: 3)","Messages":[],"ComputerName":"BHN050104432","Duration":"00:00:00.0017214","StartTime":"2024-02-08T00:53:06.1335818+00:00","EndTime":"2024-02-08T00:53:06.1335819+00:00","Properties":[]}],"TestRunStatistics":{"ExecutedTests":4,"Stats":{"Passed":4}},"ActiveTests":[]},"RunAttachments":[],"ExecutorUris":["executor://xunit/VsTestRunner2/netcoreapp"]}}
TpTrace Verbose: 0 : 26924, 7, 2024/02/07, 21:53:06.176, 4615691149317, vstest.console.dll, TestRequestSender.EndSession: Sending end session.
TpTrace Verbose: 0 : 26924, 7, 2024/02/07, 21:53:06.176, 4615691150587, vstest.console.dll, ProxyOperationManager.Close: waiting for test host to exit for 100 ms
TpTrace Verbose: 0 : 26924, 11, 2024/02/07, 21:53:06.197, 4615691357415, vstest.console.dll, TestHostManagerCallbacks.ctor: Experimental forwarding output is disabled.
TpTrace Warning: 0 : 26924, 11, 2024/02/07, 21:53:06.197, 4615691358608, vstest.console.dll, TestHostManagerCallbacks.ErrorReceivedCallback Test host standard error line: 
TpTrace Verbose: 0 : 26924, 11, 2024/02/07, 21:53:06.232, 4615691702409, vstest.console.dll, TestHostProvider.ExitCallBack: Host exited starting callback.
TpTrace Information: 0 : 26924, 11, 2024/02/07, 21:53:06.232, 4615691704296, vstest.console.dll, TestHostManagerCallbacks.ExitCallBack: Testhost processId: 20248 exited with exitcode: 0 error: ''
TpTrace Verbose: 0 : 26924, 11, 2024/02/07, 21:53:06.232, 4615691704667, vstest.console.dll, DotnetTestHostManager.OnHostExited: invoking OnHostExited callback
TpTrace Verbose: 0 : 26924, 11, 2024/02/07, 21:53:06.232, 4615691705048, vstest.console.dll, CrossPlatEngine.TestHostManagerHostExited: calling on client process exit callback.
TpTrace Information: 0 : 26924, 11, 2024/02/07, 21:53:06.232, 4615691705446, vstest.console.dll, TestRequestSender.OnClientProcessExit: Test host process exited. Standard error: 
TpTrace Information: 0 : 26924, 11, 2024/02/07, 21:53:06.232, 4615691705833, vstest.console.dll, SocketServer.Stop: Stop server endPoint: 127.0.0.1:53681
TpTrace Information: 0 : 26924, 11, 2024/02/07, 21:53:06.232, 4615691706057, vstest.console.dll, SocketServer.Stop: Cancellation requested. Stopping message loop.
TpTrace Information: 0 : 26924, 7, 2024/02/07, 21:53:06.232, 4615691706579, vstest.console.dll, SocketServer.Stop: Stop server endPoint: 127.0.0.1:53681
TpTrace Information: 0 : 26924, 7, 2024/02/07, 21:53:06.232, 4615691707258, vstest.console.dll, SocketServer.Stop: Cancellation requested. Stopping message loop.
TpTrace Verbose: 0 : 26924, 11, 2024/02/07, 21:53:06.232, 4615691706672, vstest.console.dll, MulticastDelegateUtilities.SafeInvoke: HostProviderEvents.OnHostExited: Invoking callback 1/1 for Microsoft.VisualStudio.TestPlatform.CrossPlatEngine.Client.ProxyOperationManager., took 0 ms.
TpTrace Information: 0 : 26924, 7, 2024/02/07, 21:53:06.232, 4615691707814, vstest.console.dll, Closing the connection
TpTrace Verbose: 0 : 26924, 7, 2024/02/07, 21:53:06.232, 4615691711040, vstest.console.dll, ProxyDataCollectionManager.InvokeDataCollectionServiceAction: Starting.
TpTrace Information: 0 : 26924, 7, 2024/02/07, 21:53:06.232, 4615691711471, vstest.console.dll, ProxyDataCollectionManager.AfterTestRunEnd: Get attachment set and invoked data collectors processId: 31364 port: 53678
TpTrace Verbose: 0 : 26924, 7, 2024/02/07, 21:53:06.233, 4615691711889, vstest.console.dll, DataCollectionRequestSender.SendAfterTestRunStartAndGetResult: Send AfterTestRunEnd message with isCancelled: False
TpTrace Verbose: 0 : 26924, 7, 2024/02/07, 21:53:06.240, 4615691788325, vstest.console.dll, DataCollectionRequestSender.SendAfterTestRunStartAndGetResult: Received message: (DataCollection.AfterTestRunEndResult) -> {"MessageType":"DataCollection.AfterTestRunEndResult","Payload":{"AttachmentSets":[],"InvokedDataCollectors":[{"Uri":"datacollector://Microsoft/TestPlatform/Extensions/Blame/v1","FriendlyName":"Blame","AssemblyQualifiedName":"Microsoft.TestPlatform.Extensions.BlameDataCollector.BlameCollector, Microsoft.TestPlatform.Extensions.BlameDataCollector, Version=15.0.0.0, Culture=neutral, PublicKeyToken=b03f5f7f11d50a3a","FilePath":"C:\\Program Files\\dotnet\\sdk\\7.0.400\\Extensions\\Microsoft.TestPlatform.Extensions.BlameDataCollector.dll","HasAttachmentProcessor":false}],"Metrics":{}}}
TpTrace Information: 0 : 26924, 7, 2024/02/07, 21:53:06.251, 4615691898653, vstest.console.dll, ProxyDataCollectionManager.InvokeDataCollectionServiceAction: Completed.
TpTrace Warning: 0 : 26924, 10, 2024/02/07, 21:53:06.260, 4615691986157, vstest.console.dll, DataCollectionLauncher.ErrorReceivedCallback datacollector standard error line: 
TpTrace Information: 0 : 26924, 10, 2024/02/07, 21:53:06.265, 4615692039482, vstest.console.dll, DataCollectionLauncher.ExitCallBack: Data collector exited with exitcode: 0 error: ''
TpTrace Verbose: 0 : 26924, 7, 2024/02/07, 21:53:06.296, 4615692347226, vstest.console.dll, TestRunRequest:SendTestRunStatsChange: Starting.
TpTrace Verbose: 0 : 26924, 7, 2024/02/07, 21:53:06.296, 4615692350721, vstest.console.dll, MulticastDelegateUtilities.SafeInvoke: TestRun.RunStatsChanged: Invoking callbacks was skipped because there are no subscribers.
TpTrace Information: 0 : 26924, 7, 2024/02/07, 21:53:06.296, 4615692351607, vstest.console.dll, TestRunRequest:SendTestRunStatsChange: Completed.
TpTrace Verbose: 0 : 26924, 7, 2024/02/07, 21:53:06.297, 4615692356698, vstest.console.dll, ParallelProxyExecutionManager: HandlePartialRunComplete: Total completed clients = 1, Run complete = True, Run canceled: False.
TpTrace Verbose: 0 : 26924, 4, 2024/02/07, 21:53:06.298, 4615692366885, vstest.console.dll, MulticastDelegateUtilities.SafeInvoke: InternalTestLoggerEvents.SendTestResult: Invoking callback 1/1 for Microsoft.VisualStudio.TestPlatform.CommandLine.Internal.ConsoleLogger., took 1 ms.
TpTrace Verbose: 0 : 26924, 4, 2024/02/07, 21:53:06.298, 4615692369891, vstest.console.dll, MulticastDelegateUtilities.SafeInvoke: InternalTestLoggerEvents.SendTestResult: Invoking callback 1/1 for Microsoft.VisualStudio.TestPlatform.CommandLine.Internal.ConsoleLogger., took 0 ms.
TpTrace Verbose: 0 : 26924, 4, 2024/02/07, 21:53:06.298, 4615692370701, vstest.console.dll, MulticastDelegateUtilities.SafeInvoke: InternalTestLoggerEvents.SendTestResult: Invoking callback 1/1 for Microsoft.VisualStudio.TestPlatform.CommandLine.Internal.ConsoleLogger., took 0 ms.
TpTrace Verbose: 0 : 26924, 4, 2024/02/07, 21:53:06.298, 4615692371483, vstest.console.dll, MulticastDelegateUtilities.SafeInvoke: InternalTestLoggerEvents.SendTestResult: Invoking callback 1/1 for Microsoft.VisualStudio.TestPlatform.CommandLine.Internal.ConsoleLogger., took 0 ms.
TpTrace Verbose: 0 : 26924, 4, 2024/02/07, 21:53:06.308, 4615692467848, vstest.console.dll, MulticastDelegateUtilities.SafeInvoke: InternalTestLoggerEvents.SendTestRunComplete: Invoking callback 1/2 for Microsoft.TestPlatform.Extensions.BlameDataCollector.BlameLogger., took 0 ms.
TpTrace Verbose: 0 : 26924, 4, 2024/02/07, 21:53:06.312, 4615692508923, vstest.console.dll, MulticastDelegateUtilities.SafeInvoke: InternalTestLoggerEvents.SendTestRunComplete: Invoking callback 2/2 for Microsoft.VisualStudio.TestPlatform.CommandLine.Internal.ConsoleLogger., took 3 ms.
TpTrace Verbose: 0 : 26924, 7, 2024/02/07, 21:53:06.312, 4615692511661, vstest.console.dll, TestRunRequest:TestRunComplete: Starting. IsAborted:False IsCanceled:False.
TpTrace Verbose: 0 : 26924, 7, 2024/02/07, 21:53:06.313, 4615692521130, vstest.console.dll, TestLoggerManager.HandleTestRunComplete: Ignoring as the object is disposed.
TpTrace Verbose: 0 : 26924, 7, 2024/02/07, 21:53:06.314, 4615692523011, vstest.console.dll, MulticastDelegateUtilities.SafeInvoke: TestRun.TestRunComplete: Invoking callback 1/2 for Microsoft.VisualStudio.TestPlatform.CommandLine.TestRunResultAggregator., took 0 ms.
TpTrace Verbose: 0 : 26924, 7, 2024/02/07, 21:53:06.314, 4615692524202, vstest.console.dll, MulticastDelegateUtilities.SafeInvoke: TestRun.TestRunComplete: Invoking callback 2/2 for Microsoft.VisualStudio.TestPlatform.CommandLine.Processors.RunTestsArgumentExecutor+TestRunRequestEventsRegistrar., took 0 ms.
TpTrace Information: 0 : 26924, 7, 2024/02/07, 21:53:06.314, 4615692524978, vstest.console.dll, TestRunRequest:TestRunComplete: Completed.
TpTrace Verbose: 0 : 26924, 7, 2024/02/07, 21:53:06.314, 4615692525335, vstest.console.dll, TestRequestSender.SetOperationComplete: Setting operation complete.
TpTrace Verbose: 0 : 26924, 1, 2024/02/07, 21:53:06.314, 4615692525473, vstest.console.dll, TestRunRequest.Dispose: Starting.
TpTrace Information: 0 : 26924, 1, 2024/02/07, 21:53:06.314, 4615692526149, vstest.console.dll, TestRunRequest.Dispose: Completed.
TpTrace Information: 0 : 26924, 7, 2024/02/07, 21:53:06.314, 4615692525554, vstest.console.dll, SocketServer.Stop: Stop server endPoint: 127.0.0.1:53681
TpTrace Information: 0 : 26924, 1, 2024/02/07, 21:53:06.314, 4615692526596, vstest.console.dll, TestRequestManager.RunTests: run tests completed.
TpTrace Information: 0 : 26924, 7, 2024/02/07, 21:53:06.314, 4615692527096, vstest.console.dll, SocketServer.Stop: Cancellation requested. Stopping message loop.
TpTrace Information: 0 : 26924, 1, 2024/02/07, 21:53:06.314, 4615692528018, vstest.console.dll, RunTestsArgumentProcessor:Execute: Test run is completed.
TpTrace Verbose: 0 : 26924, 7, 2024/02/07, 21:53:06.314, 4615692528491, vstest.console.dll, MulticastDelegateUtilities.SafeInvoke: LengthPrefixCommunicationChannel: MessageReceived: Invoking callback 1/1 for Microsoft.VisualStudio.TestPlatform.CommunicationUtilities.TestRequestSender+<>c__DisplayClass34_0., took 138 ms.
TpTrace Information: 0 : 26924, 7, 2024/02/07, 21:53:06.314, 4615692528999, vstest.console.dll, SocketServer.PrivateStop: Stopping server endPoint: 127.0.0.1:53681 error: 
TpTrace Verbose: 0 : 26924, 1, 2024/02/07, 21:53:06.314, 4615692529743, vstest.console.dll, Executor.Execute: Exiting with exit code of 0
TpTrace Verbose: 0 : 26924, 7, 2024/02/07, 21:53:06.315, 4615692532679, vstest.console.dll, LengthPrefixCommunicationChannel.Dispose: Dispose reader and writer.
TpTrace Information: 0 : 26924, 7, 2024/02/07, 21:53:06.315, 4615692533519, vstest.console.dll, SocketServer.Stop: Raise disconnected event endPoint: 127.0.0.1:53681 error: 
TpTrace Verbose: 0 : 26924, 7, 2024/02/07, 21:53:06.315, 4615692534264, vstest.console.dll, TestRequestSender: OnTestRunAbort: Operation is already complete. Skip error message.
TpTrace Verbose: 0 : 26924, 7, 2024/02/07, 21:53:06.315, 4615692534572, vstest.console.dll, MulticastDelegateUtilities.SafeInvoke: SocketServer: ClientDisconnected: Invoking callback 1/1 for Microsoft.VisualStudio.TestPlatform.CommunicationUtilities.TestRequestSender., took 0 ms.
TpTrace Verbose: 0 : 26924, 7, 2024/02/07, 21:53:06.315, 4615692534846, vstest.console.dll, TcpClientExtensions.MessageLoopAsync: exiting MessageLoopAsync remoteEndPoint: 127.0.0.1:53682 localEndPoint: 127.0.0.1:53681
